{"timestamp":"2025-09-10T05:50:55.776347","level":"info","event":"DAG bundles loaded: dags-folder","logger":"airflow.dag_processing.bundles.manager.DagBundlesManager"}
{"timestamp":"2025-09-10T05:50:55.777308","level":"info","event":"Filling up the DagBag from /opt/airflow/dags/articles.py","logger":"airflow.models.dagbag.DagBag"}
{"timestamp":"2025-09-10T05:50:56.135713Z","level":"info","event":"2344 categories loaded successfully","chan":"stdout","logger":"task"}
{"timestamp":"2025-09-10T05:51:07.047204Z","level":"info","event":"1% completed","chan":"stdout","logger":"task"}
{"timestamp":"2025-09-10T05:51:17.651681Z","level":"info","event":"2% completed","chan":"stdout","logger":"task"}
{"timestamp":"2025-09-10T05:51:28.559037Z","level":"info","event":"3% completed","chan":"stdout","logger":"task"}
{"timestamp":"2025-09-10T05:51:38.229864Z","level":"info","event":"4% completed","chan":"stdout","logger":"task"}
{"timestamp":"2025-09-10T05:51:48.708687Z","level":"info","event":"5% completed","chan":"stdout","logger":"task"}
{"timestamp":"2025-09-10T05:51:58.641811Z","level":"info","event":"6% completed","chan":"stdout","logger":"task"}
{"timestamp":"2025-09-10T05:52:09.179269Z","level":"info","event":"7% completed","chan":"stdout","logger":"task"}
{"timestamp":"2025-09-10T05:52:18.883491Z","level":"info","event":"8% completed","chan":"stdout","logger":"task"}
{"timestamp":"2025-09-10T05:52:28.772216Z","level":"info","event":"9% completed","chan":"stdout","logger":"task"}
{"timestamp":"2025-09-10T05:52:38.852375Z","level":"info","event":"10% completed","chan":"stdout","logger":"task"}
{"timestamp":"2025-09-10T05:52:49.246995Z","level":"info","event":"11% completed","chan":"stdout","logger":"task"}
{"timestamp":"2025-09-10T05:52:59.058992Z","level":"info","event":"12% completed","chan":"stdout","logger":"task"}
{"timestamp":"2025-09-10T05:53:08.827113Z","level":"info","event":"13% completed","chan":"stdout","logger":"task"}
{"timestamp":"2025-09-10T05:53:20.100461Z","level":"info","event":"14% completed","chan":"stdout","logger":"task"}
{"timestamp":"2025-09-10T05:53:30.011914Z","level":"info","event":"15% completed","chan":"stdout","logger":"task"}
{"timestamp":"2025-09-10T05:53:39.447501Z","level":"info","event":"16% completed","chan":"stdout","logger":"task"}
{"timestamp":"2025-09-10T05:53:49.311852Z","level":"info","event":"17% completed","chan":"stdout","logger":"task"}
{"timestamp":"2025-09-10T05:53:59.171674Z","level":"info","event":"18% completed","chan":"stdout","logger":"task"}
{"timestamp":"2025-09-10T05:54:08.963493Z","level":"info","event":"19% completed","chan":"stdout","logger":"task"}
{"timestamp":"2025-09-10T05:54:18.159712Z","level":"info","event":"20% completed","chan":"stdout","logger":"task"}
{"timestamp":"2025-09-10T05:54:28.774811Z","level":"info","event":"21% completed","chan":"stdout","logger":"task"}
{"timestamp":"2025-09-10T05:54:37.716224Z","level":"info","event":"22% completed","chan":"stdout","logger":"task"}
{"timestamp":"2025-09-10T05:54:48.098474Z","level":"info","event":"23% completed","chan":"stdout","logger":"task"}
{"timestamp":"2025-09-10T05:54:58.012743Z","level":"info","event":"24% completed","chan":"stdout","logger":"task"}
{"timestamp":"2025-09-10T05:55:07.456640Z","level":"info","event":"25% completed","chan":"stdout","logger":"task"}
{"timestamp":"2025-09-10T05:55:07.931238Z","level":"info","event":"25% completed","chan":"stdout","logger":"task"}
{"timestamp":"2025-09-10T05:55:18.264156Z","level":"info","event":"26% completed","chan":"stdout","logger":"task"}
{"timestamp":"2025-09-10T05:55:27.666652Z","level":"info","event":"27% completed","chan":"stdout","logger":"task"}
{"timestamp":"2025-09-10T05:55:37.204212Z","level":"info","event":"28% completed","chan":"stdout","logger":"task"}
{"timestamp":"2025-09-10T05:55:47.010071Z","level":"info","event":"29% completed","chan":"stdout","logger":"task"}
{"timestamp":"2025-09-10T05:55:57.505419Z","level":"info","event":"30% completed","chan":"stdout","logger":"task"}
{"timestamp":"2025-09-10T05:56:07.491172Z","level":"info","event":"31% completed","chan":"stdout","logger":"task"}
{"timestamp":"2025-09-10T05:56:17.406831Z","level":"info","event":"32% completed","chan":"stdout","logger":"task"}
{"timestamp":"2025-09-10T05:56:27.228852Z","level":"info","event":"33% completed","chan":"stdout","logger":"task"}
{"timestamp":"2025-09-10T05:56:36.662016Z","level":"info","event":"34% completed","chan":"stdout","logger":"task"}
{"timestamp":"2025-09-10T05:56:45.541037Z","level":"info","event":"35% completed","chan":"stdout","logger":"task"}
{"timestamp":"2025-09-10T05:56:55.306812Z","level":"info","event":"36% completed","chan":"stdout","logger":"task"}
{"timestamp":"2025-09-10T05:57:06.153487Z","level":"info","event":"37% completed","chan":"stdout","logger":"task"}
{"timestamp":"2025-09-10T05:57:16.405998Z","level":"info","event":"38% completed","chan":"stdout","logger":"task"}
{"timestamp":"2025-09-10T05:57:26.866353Z","level":"info","event":"39% completed","chan":"stdout","logger":"task"}
{"timestamp":"2025-09-10T05:57:35.940655Z","level":"info","event":"40% completed","chan":"stdout","logger":"task"}
{"timestamp":"2025-09-10T05:57:45.804991Z","level":"info","event":"41% completed","chan":"stdout","logger":"task"}
{"timestamp":"2025-09-10T05:57:55.351154Z","level":"info","event":"42% completed","chan":"stdout","logger":"task"}
{"timestamp":"2025-09-10T05:58:05.314608Z","level":"info","event":"43% completed","chan":"stdout","logger":"task"}
{"timestamp":"2025-09-10T05:58:15.763779Z","level":"info","event":"44% completed","chan":"stdout","logger":"task"}
{"timestamp":"2025-09-10T05:58:25.508867Z","level":"info","event":"45% completed","chan":"stdout","logger":"task"}
{"timestamp":"2025-09-10T05:58:35.360978Z","level":"info","event":"46% completed","chan":"stdout","logger":"task"}
{"timestamp":"2025-09-10T05:58:40.382207Z","level":"error","event":"Server indicated the task shouldn't be running anymore. Terminating process","detail":{"detail":{"reason":"not_running","message":"TI is no longer in the running state and task should terminate","current_state":"failed"}},"logger":"task"}
{"timestamp":"2025-09-10T05:58:44.904915Z","level":"info","event":"47% completed","chan":"stdout","logger":"task"}
{"timestamp":"2025-09-10T05:58:45.405296Z","level":"error","event":"Task killed!","logger":"task"}
