{"timestamp":"2025-09-02T08:18:14.474256","level":"info","event":"DAG bundles loaded: dags-folder","logger":"airflow.dag_processing.bundles.manager.DagBundlesManager"}
{"timestamp":"2025-09-02T08:18:14.474862","level":"info","event":"Filling up the DagBag from /opt/airflow/dags/clean.py","logger":"airflow.models.dagbag.DagBag"}
{"timestamp":"2025-09-02T08:18:18.097361Z","level":"info","event":"1% completed","chan":"stdout","logger":"task"}
{"timestamp":"2025-09-02T08:18:21.931601Z","level":"info","event":"Cleaned and Saved category: Trigonometry","chan":"stdout","logger":"task"}
{"timestamp":"2025-09-02T08:18:27.012543Z","level":"info","event":"2% completed","chan":"stdout","logger":"task"}
{"timestamp":"2025-09-02T08:18:30.251668Z","level":"info","event":"3% completed","chan":"stdout","logger":"task"}
{"timestamp":"2025-09-02T08:18:45.966795Z","level":"info","event":"4% completed","chan":"stdout","logger":"task"}
{"timestamp":"2025-09-02T08:18:53.272790Z","level":"info","event":"5% completed","chan":"stdout","logger":"task"}
{"timestamp":"2025-09-02T08:18:59.058375Z","level":"info","event":"6% completed","chan":"stdout","logger":"task"}
{"timestamp":"2025-09-02T08:19:12.444893Z","level":"info","event":"7% completed","chan":"stdout","logger":"task"}
{"timestamp":"2025-09-02T08:19:25.132403Z","level":"info","event":"Cleaned and Saved category: Applied mathematics","chan":"stdout","logger":"task"}
{"timestamp":"2025-09-02T08:19:39.224209Z","level":"info","event":"8% completed","chan":"stdout","logger":"task"}
{"timestamp":"2025-09-02T08:19:44.425416Z","level":"info","event":"9% completed","chan":"stdout","logger":"task"}
{"timestamp":"2025-09-02T08:19:48.381246Z","level":"info","event":"10% completed","chan":"stdout","logger":"task"}
{"timestamp":"2025-09-02T08:19:55.638388Z","level":"info","event":"11% completed","chan":"stdout","logger":"task"}
{"timestamp":"2025-09-02T08:20:03.147452Z","level":"info","event":"12% completed","chan":"stdout","logger":"task"}
{"timestamp":"2025-09-02T08:20:12.589581Z","level":"info","event":"Cleaned and Saved category: Combinatorics","chan":"stdout","logger":"task"}
{"timestamp":"2025-09-02T08:20:12.592623Z","level":"info","event":"13% completed","chan":"stdout","logger":"task"}
{"timestamp":"2025-09-02T08:20:13.579079Z","level":"info","event":"Cleaned and Saved category: Probability and statistics","chan":"stdout","logger":"task"}
{"timestamp":"2025-09-02T08:20:14.710122Z","level":"info","event":"14% completed","chan":"stdout","logger":"task"}
{"timestamp":"2025-09-02T08:20:27.679060Z","level":"info","event":"15% completed","chan":"stdout","logger":"task"}
{"timestamp":"2025-09-02T08:20:30.265168Z","level":"info","event":"16% completed","chan":"stdout","logger":"task"}
{"timestamp":"2025-09-02T08:20:35.788180Z","level":"info","event":"17% completed","chan":"stdout","logger":"task"}
{"timestamp":"2025-09-02T08:20:38.897323Z","level":"info","event":"18% completed","chan":"stdout","logger":"task"}
{"timestamp":"2025-09-02T08:20:47.514597Z","level":"info","event":"19% completed","chan":"stdout","logger":"task"}
{"timestamp":"2025-09-02T08:20:53.074035Z","level":"info","event":"Cleaned and Saved category: Topology","chan":"stdout","logger":"task"}
{"timestamp":"2025-09-02T08:20:56.615075Z","level":"info","event":"20% completed","chan":"stdout","logger":"task"}
{"timestamp":"2025-09-02T08:21:03.423396Z","level":"info","event":"21% completed","chan":"stdout","logger":"task"}
{"timestamp":"2025-09-02T08:21:07.312637Z","level":"info","event":"22% completed","chan":"stdout","logger":"task"}
{"timestamp":"2025-09-02T08:21:11.250130Z","level":"info","event":"Cleaned and Saved category: Algebraic topology","chan":"stdout","logger":"task"}
{"timestamp":"2025-09-02T08:21:14.520318Z","level":"info","event":"23% completed","chan":"stdout","logger":"task"}
{"timestamp":"2025-09-02T08:21:19.522461Z","level":"info","event":"Cleaned and Saved category: Fractals","chan":"stdout","logger":"task"}
{"timestamp":"2025-09-02T08:21:20.732286Z","level":"info","event":"24% completed","chan":"stdout","logger":"task"}
{"timestamp":"2025-09-02T08:21:35.225245Z","level":"info","event":"25% completed","chan":"stdout","logger":"task"}
{"timestamp":"2025-09-02T08:21:44.763421Z","level":"info","event":"26% completed","chan":"stdout","logger":"task"}
{"timestamp":"2025-09-02T08:21:53.643469Z","level":"info","event":"27% completed","chan":"stdout","logger":"task"}
{"timestamp":"2025-09-02T08:22:04.496456Z","level":"info","event":"Cleaned and Saved category: Linear algebra","chan":"stdout","logger":"task"}
{"timestamp":"2025-09-02T08:22:07.035652Z","level":"info","event":"28% completed","chan":"stdout","logger":"task"}
{"timestamp":"2025-09-02T08:22:15.936975Z","level":"info","event":"29% completed","chan":"stdout","logger":"task"}
{"timestamp":"2025-09-02T08:22:18.303714Z","level":"info","event":"Cleaned and Saved category: Calculus","chan":"stdout","logger":"task"}
{"timestamp":"2025-09-02T08:22:21.264560Z","level":"info","event":"30% completed","chan":"stdout","logger":"task"}
{"timestamp":"2025-09-02T08:22:24.335192Z","level":"info","event":"31% completed","chan":"stdout","logger":"task"}
{"timestamp":"2025-09-02T08:22:29.152439Z","level":"info","event":"32% completed","chan":"stdout","logger":"task"}
{"timestamp":"2025-09-02T08:22:30.661849Z","level":"info","event":"33% completed","chan":"stdout","logger":"task"}
{"timestamp":"2025-09-02T08:22:34.281431Z","level":"info","event":"Cleaned and Saved category: Game theory","chan":"stdout","logger":"task"}
{"timestamp":"2025-09-02T08:22:35.393735Z","level":"info","event":"34% completed","chan":"stdout","logger":"task"}
{"timestamp":"2025-09-02T08:22:41.894984Z","level":"info","event":"35% completed","chan":"stdout","logger":"task"}
{"timestamp":"2025-09-02T08:22:45.369556Z","level":"info","event":"36% completed","chan":"stdout","logger":"task"}
{"timestamp":"2025-09-02T08:22:49.329386Z","level":"info","event":"Cleaned and Saved category: Set theory","chan":"stdout","logger":"task"}
{"timestamp":"2025-09-02T08:22:54.031112Z","level":"info","event":"37% completed","chan":"stdout","logger":"task"}
{"timestamp":"2025-09-02T08:22:55.252917Z","level":"info","event":"Cleaned and Saved category: Linear programming","chan":"stdout","logger":"task"}
{"timestamp":"2025-09-02T08:22:59.319086Z","level":"info","event":"38% completed","chan":"stdout","logger":"task"}
{"timestamp":"2025-09-02T08:23:02.335120Z","level":"info","event":"Cleaned and Saved category: Chaos theory","chan":"stdout","logger":"task"}
{"timestamp":"2025-09-02T08:23:03.450585Z","level":"info","event":"39% completed","chan":"stdout","logger":"task"}
{"timestamp":"2025-09-02T08:23:06.715719Z","level":"info","event":"40% completed","chan":"stdout","logger":"task"}
{"timestamp":"2025-09-02T08:23:12.047505Z","level":"info","event":"Cleaned and Saved category: Order theory","chan":"stdout","logger":"task"}
{"timestamp":"2025-09-02T08:23:14.665722Z","level":"info","event":"41% completed","chan":"stdout","logger":"task"}
{"timestamp":"2025-09-02T08:23:16.852291Z","level":"info","event":"42% completed","chan":"stdout","logger":"task"}
{"timestamp":"2025-09-02T08:23:24.179368Z","level":"info","event":"43% completed","chan":"stdout","logger":"task"}
{"timestamp":"2025-09-02T08:23:28.940807Z","level":"info","event":"44% completed","chan":"stdout","logger":"task"}
{"timestamp":"2025-09-02T08:23:38.669977Z","level":"info","event":"Cleaned and Saved category: Algebraic geometry","chan":"stdout","logger":"task"}
{"timestamp":"2025-09-02T08:23:38.672282Z","level":"info","event":"45% completed","chan":"stdout","logger":"task"}
{"timestamp":"2025-09-02T08:23:48.387521Z","level":"info","event":"46% completed","chan":"stdout","logger":"task"}
{"timestamp":"2025-09-02T08:23:55.147873Z","level":"info","event":"47% completed","chan":"stdout","logger":"task"}
{"timestamp":"2025-09-02T08:24:03.187096Z","level":"info","event":"48% completed","chan":"stdout","logger":"task"}
{"timestamp":"2025-09-02T08:24:08.396004Z","level":"info","event":"49% completed","chan":"stdout","logger":"task"}
{"timestamp":"2025-09-02T08:24:14.330582Z","level":"info","event":"Cleaned and Saved category: Numerical analysis","chan":"stdout","logger":"task"}
{"timestamp":"2025-09-02T08:24:14.334319Z","level":"info","event":"Cleaned and Saved category: Optimization","chan":"stdout","logger":"task"}
{"timestamp":"2025-09-02T08:24:16.600902Z","level":"info","event":"50% completed","chan":"stdout","logger":"task"}
{"timestamp":"2025-09-02T08:24:23.470022Z","level":"info","event":"51% completed","chan":"stdout","logger":"task"}
{"timestamp":"2025-09-02T08:24:24.234703Z","level":"info","event":"Cleaned and Saved category: Statistics","chan":"stdout","logger":"task"}
{"timestamp":"2025-09-02T08:24:26.872993Z","level":"info","event":"52% completed","chan":"stdout","logger":"task"}
{"timestamp":"2025-09-02T08:24:35.545319Z","level":"info","event":"53% completed","chan":"stdout","logger":"task"}
{"timestamp":"2025-09-02T08:24:38.425666Z","level":"info","event":"54% completed","chan":"stdout","logger":"task"}
{"timestamp":"2025-09-02T08:24:44.874352Z","level":"info","event":"55% completed","chan":"stdout","logger":"task"}
{"timestamp":"2025-09-02T08:24:51.905905Z","level":"info","event":"Cleaned and Saved category: Geometry","chan":"stdout","logger":"task"}
{"timestamp":"2025-09-02T08:25:02.157093Z","level":"info","event":"56% completed","chan":"stdout","logger":"task"}
{"timestamp":"2025-09-02T08:25:07.724043Z","level":"info","event":"57% completed","chan":"stdout","logger":"task"}
{"timestamp":"2025-09-02T08:25:10.057295Z","level":"info","event":"58% completed","chan":"stdout","logger":"task"}
{"timestamp":"2025-09-02T08:25:18.111526Z","level":"info","event":"59% completed","chan":"stdout","logger":"task"}
{"timestamp":"2025-09-02T08:25:23.689869Z","level":"info","event":"60% completed","chan":"stdout","logger":"task"}
{"timestamp":"2025-09-02T08:25:30.785057Z","level":"info","event":"Cleaned and Saved category: Dynamical systems","chan":"stdout","logger":"task"}
{"timestamp":"2025-09-02T08:25:30.862070Z","level":"info","event":"61% completed","chan":"stdout","logger":"task"}
{"timestamp":"2025-09-02T08:25:33.885115Z","level":"info","event":"62% completed","chan":"stdout","logger":"task"}
{"timestamp":"2025-09-02T08:25:40.887386Z","level":"info","event":"63% completed","chan":"stdout","logger":"task"}
{"timestamp":"2025-09-02T08:25:43.150727Z","level":"info","event":"64% completed","chan":"stdout","logger":"task"}
{"timestamp":"2025-09-02T08:25:48.087736Z","level":"info","event":"Cleaned and Saved category: Category theory","chan":"stdout","logger":"task"}
{"timestamp":"2025-09-02T08:25:54.212850Z","level":"info","event":"65% completed","chan":"stdout","logger":"task"}
{"timestamp":"2025-09-02T08:26:11.335161Z","level":"info","event":"66% completed","chan":"stdout","logger":"task"}
{"timestamp":"2025-09-02T08:26:16.730545Z","level":"info","event":"67% completed","chan":"stdout","logger":"task"}
{"timestamp":"2025-09-02T08:26:20.744030Z","level":"info","event":"Cleaned and Saved category: Algebra","chan":"stdout","logger":"task"}
{"timestamp":"2025-09-02T08:26:23.577958Z","level":"info","event":"68% completed","chan":"stdout","logger":"task"}
{"timestamp":"2025-09-02T08:26:33.627739Z","level":"info","event":"69% completed","chan":"stdout","logger":"task"}
{"timestamp":"2025-09-02T08:26:39.042895Z","level":"info","event":"70% completed","chan":"stdout","logger":"task"}
{"timestamp":"2025-09-02T08:26:41.151821Z","level":"info","event":"71% completed","chan":"stdout","logger":"task"}
{"timestamp":"2025-09-02T08:26:43.648341Z","level":"info","event":"Cleaned and Saved category: Analysis","chan":"stdout","logger":"task"}
{"timestamp":"2025-09-02T08:26:48.832515Z","level":"info","event":"72% completed","chan":"stdout","logger":"task"}
{"timestamp":"2025-09-02T08:26:57.049964Z","level":"info","event":"73% completed","chan":"stdout","logger":"task"}
{"timestamp":"2025-09-02T08:27:03.496252Z","level":"info","event":"74% completed","chan":"stdout","logger":"task"}
{"timestamp":"2025-09-02T08:27:07.120244Z","level":"info","event":"Cleaned and Saved category: Arithmetic","chan":"stdout","logger":"task"}
{"timestamp":"2025-09-02T08:27:12.498393Z","level":"info","event":"75% completed","chan":"stdout","logger":"task"}
{"timestamp":"2025-09-02T08:27:17.670468Z","level":"info","event":"76% completed","chan":"stdout","logger":"task"}
{"timestamp":"2025-09-02T08:27:21.623629Z","level":"info","event":"77% completed","chan":"stdout","logger":"task"}
{"timestamp":"2025-09-02T08:27:33.080030Z","level":"info","event":"78% completed","chan":"stdout","logger":"task"}
{"timestamp":"2025-09-02T08:27:35.005889Z","level":"info","event":"79% completed","chan":"stdout","logger":"task"}
{"timestamp":"2025-09-02T08:27:47.082062Z","level":"info","event":"Cleaned and Saved category: Group theory","chan":"stdout","logger":"task"}
{"timestamp":"2025-09-02T08:27:54.794263Z","level":"info","event":"80% completed","chan":"stdout","logger":"task"}
{"timestamp":"2025-09-02T08:28:00.925065Z","level":"info","event":"81% completed","chan":"stdout","logger":"task"}
{"timestamp":"2025-09-02T08:28:06.534955Z","level":"info","event":"82% completed","chan":"stdout","logger":"task"}
{"timestamp":"2025-09-02T08:28:08.606315Z","level":"info","event":"83% completed","chan":"stdout","logger":"task"}
{"timestamp":"2025-09-02T08:28:12.330809Z","level":"info","event":"Cleaned and Saved category: Graph theory","chan":"stdout","logger":"task"}
{"timestamp":"2025-09-02T08:28:13.663023Z","level":"info","event":"84% completed","chan":"stdout","logger":"task"}
{"timestamp":"2025-09-02T08:28:18.962830Z","level":"info","event":"85% completed","chan":"stdout","logger":"task"}
{"timestamp":"2025-09-02T08:28:28.055858Z","level":"info","event":"86% completed","chan":"stdout","logger":"task"}
{"timestamp":"2025-09-02T08:28:36.324183Z","level":"info","event":"Cleaned and Saved category: Complex analysis","chan":"stdout","logger":"task"}
{"timestamp":"2025-09-02T08:28:36.824973Z","level":"info","event":"87% completed","chan":"stdout","logger":"task"}
{"timestamp":"2025-09-02T08:28:42.830139Z","level":"info","event":"Cleaned and Saved category: Multi-dimensional geometry","chan":"stdout","logger":"task"}
{"timestamp":"2025-09-02T08:28:47.351978Z","level":"info","event":"88% completed","chan":"stdout","logger":"task"}
{"timestamp":"2025-09-02T08:28:54.095718Z","level":"info","event":"89% completed","chan":"stdout","logger":"task"}
{"timestamp":"2025-09-02T08:29:03.485920Z","level":"info","event":"90% completed","chan":"stdout","logger":"task"}
{"timestamp":"2025-09-02T08:29:10.542989Z","level":"info","event":"91% completed","chan":"stdout","logger":"task"}
{"timestamp":"2025-09-02T08:29:14.139315Z","level":"info","event":"92% completed","chan":"stdout","logger":"task"}
{"timestamp":"2025-09-02T08:29:24.026748Z","level":"info","event":"93% completed","chan":"stdout","logger":"task"}
{"timestamp":"2025-09-02T08:29:33.369814Z","level":"info","event":"Cleaned and Saved category: Mathematical logic","chan":"stdout","logger":"task"}
{"timestamp":"2025-09-02T08:29:34.071494Z","level":"info","event":"94% completed","chan":"stdout","logger":"task"}
{"timestamp":"2025-09-02T08:29:37.126462Z","level":"info","event":"Cleaned and Saved category: Model theory","chan":"stdout","logger":"task"}
{"timestamp":"2025-09-02T08:29:46.943243Z","level":"info","event":"95% completed","chan":"stdout","logger":"task"}
{"timestamp":"2025-09-02T08:29:55.123772Z","level":"info","event":"96% completed","chan":"stdout","logger":"task"}
{"timestamp":"2025-09-02T08:30:06.717030Z","level":"info","event":"97% completed","chan":"stdout","logger":"task"}
{"timestamp":"2025-09-02T08:30:13.339907Z","level":"info","event":"98% completed","chan":"stdout","logger":"task"}
{"timestamp":"2025-09-02T08:30:23.417722Z","level":"info","event":"99% completed","chan":"stdout","logger":"task"}
{"timestamp":"2025-09-02T08:30:29.187972Z","level":"info","event":"100% completed","chan":"stdout","logger":"task"}
{"timestamp":"2025-09-02T08:30:35.122153Z","level":"info","event":"Cleaned and Saved category: Number theory","chan":"stdout","logger":"task"}
{"timestamp":"2025-09-02T08:30:35.122285Z","level":"info","event":"Cleaned 5962.99% of categories","chan":"stdout","logger":"task"}
{"timestamp":"2025-09-02T08:30:35.122358Z","level":"info","event":"Saved cleaned articles at cleaned_data_2","chan":"stdout","logger":"task"}
{"timestamp":"2025-09-02T08:30:35.127145","level":"info","event":"Done. Returned value was: None","logger":"airflow.task.operators.airflow.providers.standard.decorators.python._PythonDecoratedOperator"}
