{"timestamp":"2025-09-02T08:13:37.884199","level":"info","event":"DAG bundles loaded: dags-folder","logger":"airflow.dag_processing.bundles.manager.DagBundlesManager"}
{"timestamp":"2025-09-02T08:13:37.885069","level":"info","event":"Filling up the DagBag from /opt/airflow/dags/clean.py","logger":"airflow.models.dagbag.DagBag"}
{"timestamp":"2025-09-02T08:13:41.944901Z","level":"info","event":"1% completed","chan":"stdout","logger":"task"}
{"timestamp":"2025-09-02T08:13:46.075946Z","level":"info","event":"Cleaned and Saved category: <DirEntry 'Trigonometry'>","chan":"stdout","logger":"task"}
{"timestamp":"2025-09-02T08:13:51.595887Z","level":"info","event":"2% completed","chan":"stdout","logger":"task"}
{"timestamp":"2025-09-02T08:13:54.620219Z","level":"info","event":"3% completed","chan":"stdout","logger":"task"}
{"timestamp":"2025-09-02T08:14:10.340885Z","level":"info","event":"4% completed","chan":"stdout","logger":"task"}
{"timestamp":"2025-09-02T08:14:17.688137Z","level":"info","event":"5% completed","chan":"stdout","logger":"task"}
{"timestamp":"2025-09-02T08:14:23.359157Z","level":"info","event":"6% completed","chan":"stdout","logger":"task"}
{"timestamp":"2025-09-02T08:14:37.033322Z","level":"info","event":"7% completed","chan":"stdout","logger":"task"}
{"timestamp":"2025-09-02T08:14:50.150234Z","level":"info","event":"Cleaned and Saved category: <DirEntry 'Applied mathematics'>","chan":"stdout","logger":"task"}
{"timestamp":"2025-09-02T08:15:03.896510Z","level":"info","event":"8% completed","chan":"stdout","logger":"task"}
{"timestamp":"2025-09-02T08:15:08.971548Z","level":"info","event":"9% completed","chan":"stdout","logger":"task"}
{"timestamp":"2025-09-02T08:15:12.809425Z","level":"info","event":"10% completed","chan":"stdout","logger":"task"}
{"timestamp":"2025-09-02T08:15:20.183025Z","level":"info","event":"11% completed","chan":"stdout","logger":"task"}
{"timestamp":"2025-09-02T08:15:27.979517Z","level":"info","event":"12% completed","chan":"stdout","logger":"task"}
{"timestamp":"2025-09-02T08:15:33.001875Z","level":"error","event":"Server indicated the task shouldn't be running anymore. Terminating process","detail":{"detail":{"reason":"not_running","message":"TI is no longer in the running state and task should terminate","current_state":"failed"}},"logger":"task"}
{"timestamp":"2025-09-02T08:15:37.850597Z","level":"info","event":"Cleaned and Saved category: <DirEntry 'Combinatorics'>","chan":"stdout","logger":"task"}
{"timestamp":"2025-09-02T08:15:37.853969Z","level":"info","event":"13% completed","chan":"stdout","logger":"task"}
{"timestamp":"2025-09-02T08:15:38.015937Z","level":"error","event":"Task killed!","logger":"task"}
