{"timestamp":"2025-09-03T08:59:49.856019","level":"info","event":"DAG bundles loaded: dags-folder","logger":"airflow.dag_processing.bundles.manager.DagBundlesManager"}
{"timestamp":"2025-09-03T08:59:49.857042","level":"info","event":"Filling up the DagBag from /opt/airflow/dags/clean.py","logger":"airflow.models.dagbag.DagBag"}
{"timestamp":"2025-09-03T08:59:50.676458","level":"warning","event":"The input passed in on this line looks more like a URL than HTML or XML.\n\nIf you meant to use Beautiful Soup to parse the web page found at a certain URL, then something has gone wrong. You should use an Python package like 'requests' to fetch the content behind the URL. Once you have the content as a string, you can feed that string into Beautiful Soup.\n\nHowever, if you want to parse some data that happens to look like a URL, then nothing has gone wrong: you are using Beautiful Soup correctly, and this warning is spurious and can be filtered. To make this warning go away, run this code before calling the BeautifulSoup constructor:\n\n    from bs4 import MarkupResemblesLocatorWarning\n    import warnings\n\n    warnings.filterwarnings(\"ignore\", category=MarkupResemblesLocatorWarning)\n    ","category":"MarkupResemblesLocatorWarning","filename":"/opt/airflow/dags/clean.py","lineno":90,"logger":"py.warnings"}
{"timestamp":"2025-09-03T09:00:03.360954Z","level":"info","event":"Cleaned and Saved category: Trigonometry","chan":"stdout","logger":"task"}
{"timestamp":"2025-09-03T09:00:06.950058Z","level":"info","event":"1% completed","chan":"stdout","logger":"task"}
{"timestamp":"2025-09-03T09:00:30.267654Z","level":"info","event":"2% completed","chan":"stdout","logger":"task"}
{"timestamp":"2025-09-03T09:00:39.582572Z","level":"info","event":"3% completed","chan":"stdout","logger":"task"}
{"timestamp":"2025-09-03T09:00:58.075581Z","level":"info","event":"4% completed","chan":"stdout","logger":"task"}
{"timestamp":"2025-09-03T09:01:00.064537","level":"warning","event":"The input passed in on this line looks more like a filename than HTML or XML.\n\nIf you meant to use Beautiful Soup to parse the contents of a file on disk, then something has gone wrong. You should open the file first, using code like this:\n\n    filehandle = open(your filename)\n\nYou can then feed the open filehandle into Beautiful Soup instead of using the filename.\n\nHowever, if you want to parse some data that happens to look like a filename, then nothing has gone wrong: you are using Beautiful Soup correctly, and this warning is spurious and can be filtered. To make this warning go away, run this code before calling the BeautifulSoup constructor:\n\n    from bs4 import MarkupResemblesLocatorWarning\n    import warnings\n\n    warnings.filterwarnings(\"ignore\", category=MarkupResemblesLocatorWarning)\n    ","category":"MarkupResemblesLocatorWarning","filename":"/opt/airflow/dags/clean.py","lineno":90,"logger":"py.warnings"}
{"timestamp":"2025-09-03T09:01:16.875987Z","level":"info","event":"5% completed","chan":"stdout","logger":"task"}
{"timestamp":"2025-09-03T09:01:43.993703Z","level":"info","event":"6% completed","chan":"stdout","logger":"task"}
{"timestamp":"2025-09-03T09:01:59.919874Z","level":"info","event":"7% completed","chan":"stdout","logger":"task"}
{"timestamp":"2025-09-03T09:02:32.386510Z","level":"info","event":"8% completed","chan":"stdout","logger":"task"}
{"timestamp":"2025-09-03T09:02:51.348656Z","level":"info","event":"9% completed","chan":"stdout","logger":"task"}
{"timestamp":"2025-09-03T09:03:25.613791Z","level":"info","event":"10% completed","chan":"stdout","logger":"task"}
{"timestamp":"2025-09-03T09:03:49.055672Z","level":"info","event":"11% completed","chan":"stdout","logger":"task"}
{"timestamp":"2025-09-03T09:04:04.594166Z","level":"info","event":"12% completed","chan":"stdout","logger":"task"}
{"timestamp":"2025-09-03T09:04:21.531852Z","level":"info","event":"13% completed","chan":"stdout","logger":"task"}
{"timestamp":"2025-09-03T09:04:37.831775Z","level":"info","event":"14% completed","chan":"stdout","logger":"task"}
{"timestamp":"2025-09-03T09:04:58.869507Z","level":"info","event":"15% completed","chan":"stdout","logger":"task"}
{"timestamp":"2025-09-03T09:05:22.000559Z","level":"info","event":"16% completed","chan":"stdout","logger":"task"}
{"timestamp":"2025-09-03T09:05:46.759191Z","level":"info","event":"17% completed","chan":"stdout","logger":"task"}
{"timestamp":"2025-09-03T09:06:23.302008Z","level":"info","event":"18% completed","chan":"stdout","logger":"task"}
{"timestamp":"2025-09-03T09:07:16.549655Z","level":"info","event":"Cleaned and Saved category: Applied mathematics","chan":"stdout","logger":"task"}
{"timestamp":"2025-09-03T09:07:16.580135Z","level":"info","event":"19% completed","chan":"stdout","logger":"task"}
{"timestamp":"2025-09-03T09:07:26.503927Z","level":"info","event":"20% completed","chan":"stdout","logger":"task"}
{"timestamp":"2025-09-03T09:07:52.965776Z","level":"info","event":"21% completed","chan":"stdout","logger":"task"}
{"timestamp":"2025-09-03T09:08:12.469890Z","level":"info","event":"22% completed","chan":"stdout","logger":"task"}
{"timestamp":"2025-09-03T09:08:31.818119Z","level":"info","event":"Cleaned and Saved category: Combinatorics","chan":"stdout","logger":"task"}
{"timestamp":"2025-09-03T09:08:41.554092Z","level":"info","event":"23% completed","chan":"stdout","logger":"task"}
{"timestamp":"2025-09-03T09:08:42.534799Z","level":"info","event":"Cleaned and Saved category: Probability and statistics","chan":"stdout","logger":"task"}
{"timestamp":"2025-09-03T09:08:51.697497Z","level":"info","event":"24% completed","chan":"stdout","logger":"task"}
{"timestamp":"2025-09-03T09:09:04.017577Z","level":"info","event":"25% completed","chan":"stdout","logger":"task"}
{"timestamp":"2025-09-03T09:09:33.407648Z","level":"info","event":"26% completed","chan":"stdout","logger":"task"}
{"timestamp":"2025-09-03T09:09:46.812763Z","level":"info","event":"Cleaned and Saved category: Topology","chan":"stdout","logger":"task"}
{"timestamp":"2025-09-03T09:09:54.479296Z","level":"info","event":"27% completed","chan":"stdout","logger":"task"}
{"timestamp":"2025-09-03T09:10:09.013787Z","level":"info","event":"Cleaned and Saved category: Algebraic topology","chan":"stdout","logger":"task"}
{"timestamp":"2025-09-03T09:10:10.067861Z","level":"info","event":"28% completed","chan":"stdout","logger":"task"}
{"timestamp":"2025-09-03T09:10:16.097180Z","level":"info","event":"Cleaned and Saved category: Fractals","chan":"stdout","logger":"task"}
{"timestamp":"2025-09-03T09:10:24.629437Z","level":"info","event":"29% completed","chan":"stdout","logger":"task"}
{"timestamp":"2025-09-03T09:10:38.401464Z","level":"info","event":"30% completed","chan":"stdout","logger":"task"}
{"timestamp":"2025-09-03T09:11:14.046022Z","level":"info","event":"31% completed","chan":"stdout","logger":"task"}
{"timestamp":"2025-09-03T09:11:36.061467Z","level":"info","event":"Cleaned and Saved category: Linear algebra","chan":"stdout","logger":"task"}
{"timestamp":"2025-09-03T09:11:50.376151Z","level":"info","event":"32% completed","chan":"stdout","logger":"task"}
{"timestamp":"2025-09-03T09:12:20.337011Z","level":"info","event":"33% completed","chan":"stdout","logger":"task"}
{"timestamp":"2025-09-03T09:12:25.534820Z","level":"info","event":"Cleaned and Saved category: Calculus","chan":"stdout","logger":"task"}
{"timestamp":"2025-09-03T09:12:33.109419Z","level":"info","event":"34% completed","chan":"stdout","logger":"task"}
{"timestamp":"2025-09-03T09:12:44.881525Z","level":"info","event":"35% completed","chan":"stdout","logger":"task"}
{"timestamp":"2025-09-03T09:12:55.247304Z","level":"info","event":"36% completed","chan":"stdout","logger":"task"}
{"timestamp":"2025-09-03T09:13:00.285912Z","level":"info","event":"Cleaned and Saved category: Game theory","chan":"stdout","logger":"task"}
{"timestamp":"2025-09-03T09:13:13.533545Z","level":"info","event":"37% completed","chan":"stdout","logger":"task"}
{"timestamp":"2025-09-03T09:13:27.651422Z","level":"info","event":"Cleaned and Saved category: Set theory","chan":"stdout","logger":"task"}
{"timestamp":"2025-09-03T09:13:34.520432Z","level":"info","event":"38% completed","chan":"stdout","logger":"task"}
{"timestamp":"2025-09-03T09:13:45.675881Z","level":"info","event":"39% completed","chan":"stdout","logger":"task"}
{"timestamp":"2025-09-03T09:13:47.999712Z","level":"info","event":"Cleaned and Saved category: Linear programming","chan":"stdout","logger":"task"}
{"timestamp":"2025-09-03T09:13:55.852943Z","level":"info","event":"Cleaned and Saved category: Chaos theory","chan":"stdout","logger":"task"}
{"timestamp":"2025-09-03T09:14:02.849366Z","level":"info","event":"40% completed","chan":"stdout","logger":"task"}
{"timestamp":"2025-09-03T09:14:13.459868Z","level":"info","event":"Cleaned and Saved category: Order theory","chan":"stdout","logger":"task"}
{"timestamp":"2025-09-03T09:14:21.590171Z","level":"info","event":"41% completed","chan":"stdout","logger":"task"}
{"timestamp":"2025-09-03T09:14:37.793372Z","level":"info","event":"42% completed","chan":"stdout","logger":"task"}
{"timestamp":"2025-09-03T09:14:59.615769Z","level":"info","event":"43% completed","chan":"stdout","logger":"task"}
{"timestamp":"2025-09-03T09:15:11.972086Z","level":"info","event":"Cleaned and Saved category: Algebraic geometry","chan":"stdout","logger":"task"}
{"timestamp":"2025-09-03T09:15:21.018903Z","level":"info","event":"44% completed","chan":"stdout","logger":"task"}
{"timestamp":"2025-09-03T09:15:27.593647Z","level":"info","event":"45% completed","chan":"stdout","logger":"task"}
{"timestamp":"2025-09-03T09:15:40.942016Z","level":"info","event":"46% completed","chan":"stdout","logger":"task"}
{"timestamp":"2025-09-03T09:16:02.429388Z","level":"info","event":"47% completed","chan":"stdout","logger":"task"}
{"timestamp":"2025-09-03T09:16:17.111061Z","level":"info","event":"Cleaned and Saved category: Numerical analysis","chan":"stdout","logger":"task"}
{"timestamp":"2025-09-03T09:16:17.116794Z","level":"info","event":"Cleaned and Saved category: Optimization","chan":"stdout","logger":"task"}
{"timestamp":"2025-09-03T09:16:31.206378Z","level":"info","event":"48% completed","chan":"stdout","logger":"task"}
{"timestamp":"2025-09-03T09:16:50.267515Z","level":"info","event":"49% completed","chan":"stdout","logger":"task"}
{"timestamp":"2025-09-03T09:17:04.073678Z","level":"info","event":"50% completed","chan":"stdout","logger":"task"}
{"timestamp":"2025-09-03T09:17:16.708581Z","level":"info","event":"Cleaned and Saved category: Statistics","chan":"stdout","logger":"task"}
{"timestamp":"2025-09-03T09:17:17.167865Z","level":"info","event":"51% completed","chan":"stdout","logger":"task"}
{"timestamp":"2025-09-03T09:17:28.245156Z","level":"info","event":"52% completed","chan":"stdout","logger":"task"}
{"timestamp":"2025-09-03T09:17:47.648191Z","level":"info","event":"53% completed","chan":"stdout","logger":"task"}
{"timestamp":"2025-09-03T09:18:01.419346Z","level":"info","event":"54% completed","chan":"stdout","logger":"task"}
{"timestamp":"2025-09-03T09:18:24.658246Z","level":"info","event":"55% completed","chan":"stdout","logger":"task"}
{"timestamp":"2025-09-03T09:18:44.843201Z","level":"info","event":"56% completed","chan":"stdout","logger":"task"}
{"timestamp":"2025-09-03T09:19:00.983201Z","level":"info","event":"Cleaned and Saved category: Geometry","chan":"stdout","logger":"task"}
{"timestamp":"2025-09-03T09:19:07.270794Z","level":"info","event":"57% completed","chan":"stdout","logger":"task"}
{"timestamp":"2025-09-03T09:19:30.699026Z","level":"info","event":"58% completed","chan":"stdout","logger":"task"}
{"timestamp":"2025-09-03T09:19:55.203037Z","level":"info","event":"59% completed","chan":"stdout","logger":"task"}
{"timestamp":"2025-09-03T09:20:24.414437Z","level":"info","event":"60% completed","chan":"stdout","logger":"task"}
{"timestamp":"2025-09-03T09:20:44.937100Z","level":"info","event":"61% completed","chan":"stdout","logger":"task"}
{"timestamp":"2025-09-03T09:21:01.728182Z","level":"info","event":"Cleaned and Saved category: Dynamical systems","chan":"stdout","logger":"task"}
{"timestamp":"2025-09-03T09:21:07.162674Z","level":"info","event":"62% completed","chan":"stdout","logger":"task"}
{"timestamp":"2025-09-03T09:21:18.803832Z","level":"info","event":"63% completed","chan":"stdout","logger":"task"}
{"timestamp":"2025-09-03T09:21:34.192409Z","level":"info","event":"Cleaned and Saved category: Category theory","chan":"stdout","logger":"task"}
{"timestamp":"2025-09-03T09:21:40.935802Z","level":"info","event":"64% completed","chan":"stdout","logger":"task"}
{"timestamp":"2025-09-03T09:21:56.681889Z","level":"info","event":"65% completed","chan":"stdout","logger":"task"}
{"timestamp":"2025-09-03T09:22:26.965192Z","level":"info","event":"66% completed","chan":"stdout","logger":"task"}
{"timestamp":"2025-09-03T09:22:32.372063Z","level":"info","event":"Cleaned and Saved category: Algebra","chan":"stdout","logger":"task"}
{"timestamp":"2025-09-03T09:22:49.158764Z","level":"info","event":"67% completed","chan":"stdout","logger":"task"}
{"timestamp":"2025-09-03T09:23:04.052215Z","level":"info","event":"68% completed","chan":"stdout","logger":"task"}
{"timestamp":"2025-09-03T09:23:22.558925Z","level":"info","event":"69% completed","chan":"stdout","logger":"task"}
{"timestamp":"2025-09-03T09:23:37.354782Z","level":"info","event":"70% completed","chan":"stdout","logger":"task"}
{"timestamp":"2025-09-03T09:23:48.857686Z","level":"info","event":"71% completed","chan":"stdout","logger":"task"}
{"timestamp":"2025-09-03T09:24:15.165499Z","level":"info","event":"72% completed","chan":"stdout","logger":"task"}
{"timestamp":"2025-09-03T09:24:25.685171Z","level":"info","event":"73% completed","chan":"stdout","logger":"task"}
{"timestamp":"2025-09-03T09:24:38.415734Z","level":"info","event":"74% completed","chan":"stdout","logger":"task"}
{"timestamp":"2025-09-03T09:24:53.290135Z","level":"info","event":"75% completed","chan":"stdout","logger":"task"}
{"timestamp":"2025-09-03T09:25:37.020548Z","level":"info","event":"76% completed","chan":"stdout","logger":"task"}
{"timestamp":"2025-09-03T09:25:53.262443Z","level":"info","event":"Cleaned and Saved category: Analysis","chan":"stdout","logger":"task"}
{"timestamp":"2025-09-03T09:25:59.569362Z","level":"info","event":"77% completed","chan":"stdout","logger":"task"}
{"timestamp":"2025-09-03T09:26:19.332330Z","level":"info","event":"78% completed","chan":"stdout","logger":"task"}
{"timestamp":"2025-09-03T09:26:34.160786Z","level":"info","event":"79% completed","chan":"stdout","logger":"task"}
{"timestamp":"2025-09-03T09:27:01.954455Z","level":"info","event":"80% completed","chan":"stdout","logger":"task"}
{"timestamp":"2025-09-03T09:27:31.047174Z","level":"info","event":"81% completed","chan":"stdout","logger":"task"}
{"timestamp":"2025-09-03T09:27:44.022367Z","level":"info","event":"Cleaned and Saved category: Arithmetic","chan":"stdout","logger":"task"}
{"timestamp":"2025-09-03T09:27:48.669026Z","level":"info","event":"82% completed","chan":"stdout","logger":"task"}
{"timestamp":"2025-09-03T09:28:21.780703Z","level":"info","event":"83% completed","chan":"stdout","logger":"task"}
{"timestamp":"2025-09-03T09:28:42.310986Z","level":"info","event":"84% completed","chan":"stdout","logger":"task"}
{"timestamp":"2025-09-03T09:29:05.717690Z","level":"info","event":"Cleaned and Saved category: Group theory","chan":"stdout","logger":"task"}
{"timestamp":"2025-09-03T09:29:10.656801Z","level":"info","event":"85% completed","chan":"stdout","logger":"task"}
{"timestamp":"2025-09-03T09:29:27.935013Z","level":"info","event":"86% completed","chan":"stdout","logger":"task"}
{"timestamp":"2025-09-03T09:29:51.127758Z","level":"info","event":"87% completed","chan":"stdout","logger":"task"}
{"timestamp":"2025-09-03T09:30:00.438318Z","level":"info","event":"Cleaned and Saved category: Graph theory","chan":"stdout","logger":"task"}
{"timestamp":"2025-09-03T09:30:05.956052Z","level":"info","event":"88% completed","chan":"stdout","logger":"task"}
{"timestamp":"2025-09-03T09:30:26.126635Z","level":"info","event":"89% completed","chan":"stdout","logger":"task"}
{"timestamp":"2025-09-03T09:30:51.288319Z","level":"info","event":"90% completed","chan":"stdout","logger":"task"}
{"timestamp":"2025-09-03T09:30:59.092252Z","level":"info","event":"Cleaned and Saved category: Complex analysis","chan":"stdout","logger":"task"}
{"timestamp":"2025-09-03T09:31:24.141707Z","level":"info","event":"91% completed","chan":"stdout","logger":"task"}
{"timestamp":"2025-09-03T09:31:31.209985Z","level":"info","event":"Cleaned and Saved category: Multi-dimensional geometry","chan":"stdout","logger":"task"}
{"timestamp":"2025-09-03T09:31:43.264809Z","level":"info","event":"92% completed","chan":"stdout","logger":"task"}
{"timestamp":"2025-09-03T09:31:52.557659Z","level":"info","event":"93% completed","chan":"stdout","logger":"task"}
{"timestamp":"2025-09-03T09:32:01.703785Z","level":"info","event":"94% completed","chan":"stdout","logger":"task"}
{"timestamp":"2025-09-03T09:32:10.053262Z","level":"info","event":"95% completed","chan":"stdout","logger":"task"}
{"timestamp":"2025-09-03T09:32:38.552267Z","level":"info","event":"96% completed","chan":"stdout","logger":"task"}
{"timestamp":"2025-09-03T09:33:05.737085Z","level":"info","event":"Cleaned and Saved category: Mathematical logic","chan":"stdout","logger":"task"}
{"timestamp":"2025-09-03T09:33:12.406041Z","level":"info","event":"Cleaned and Saved category: Model theory","chan":"stdout","logger":"task"}
{"timestamp":"2025-09-03T09:33:12.942308Z","level":"info","event":"97% completed","chan":"stdout","logger":"task"}
{"timestamp":"2025-09-03T09:33:28.210442Z","level":"info","event":"98% completed","chan":"stdout","logger":"task"}
{"timestamp":"2025-09-03T09:33:53.079667Z","level":"info","event":"99% completed","chan":"stdout","logger":"task"}
{"timestamp":"2025-09-03T09:34:29.170900Z","level":"info","event":"Cleaned and Saved category: Number theory","chan":"stdout","logger":"task"}
{"timestamp":"2025-09-03T09:34:29.171157Z","level":"info","event":"Cleaned 99.88% of categories","chan":"stdout","logger":"task"}
{"timestamp":"2025-09-03T09:34:29.171259Z","level":"info","event":"Saved cleaned articles at cleaned_data_3","chan":"stdout","logger":"task"}
{"timestamp":"2025-09-03T09:34:29.176982","level":"info","event":"Done. Returned value was: None","logger":"airflow.task.operators.airflow.providers.standard.decorators.python._PythonDecoratedOperator"}
