{"timestamp":"2025-09-01T12:18:23.689108","level":"info","event":"DAG bundles loaded: dags-folder","logger":"airflow.dag_processing.bundles.manager.DagBundlesManager"}
{"timestamp":"2025-09-01T12:18:23.690028","level":"info","event":"Filling up the DagBag from /opt/airflow/dags/articles.py","logger":"airflow.models.dagbag.DagBag"}
{"timestamp":"2025-09-01T12:18:23.868294Z","level":"info","event":"31 categories loaded successfully","chan":"stdout","logger":"task"}
{"timestamp":"2025-09-01T12:18:24.625239Z","level":"info","event":"Step 1/31 completed","chan":"stdout","logger":"task"}
{"timestamp":"2025-09-01T12:18:24.968639Z","level":"info","event":"Step 2/31 completed","chan":"stdout","logger":"task"}
{"timestamp":"2025-09-01T12:18:25.497823Z","level":"info","event":"Step 3/31 completed","chan":"stdout","logger":"task"}
{"timestamp":"2025-09-01T12:18:26.006703Z","level":"info","event":"Step 4/31 completed","chan":"stdout","logger":"task"}
{"timestamp":"2025-09-01T12:18:26.293612Z","level":"info","event":"Step 5/31 completed","chan":"stdout","logger":"task"}
{"timestamp":"2025-09-01T12:18:26.739357Z","level":"info","event":"Step 6/31 completed","chan":"stdout","logger":"task"}
{"timestamp":"2025-09-01T12:18:27.221840Z","level":"info","event":"Step 7/31 completed","chan":"stdout","logger":"task"}
{"timestamp":"2025-09-01T12:18:27.510876Z","level":"info","event":"Step 8/31 completed","chan":"stdout","logger":"task"}
{"timestamp":"2025-09-01T12:18:28.181012Z","level":"info","event":"Step 9/31 completed","chan":"stdout","logger":"task"}
{"timestamp":"2025-09-01T12:18:28.500195Z","level":"info","event":"Step 10/31 completed","chan":"stdout","logger":"task"}
{"timestamp":"2025-09-01T12:18:28.995586Z","level":"info","event":"Step 11/31 completed","chan":"stdout","logger":"task"}
{"timestamp":"2025-09-01T12:18:29.274071Z","level":"info","event":"Step 12/31 completed","chan":"stdout","logger":"task"}
{"timestamp":"2025-09-01T12:18:29.741394Z","level":"info","event":"Step 13/31 completed","chan":"stdout","logger":"task"}
{"timestamp":"2025-09-01T12:18:30.178307Z","level":"info","event":"Step 14/31 completed","chan":"stdout","logger":"task"}
{"timestamp":"2025-09-01T12:18:30.492443Z","level":"info","event":"Step 15/31 completed","chan":"stdout","logger":"task"}
{"timestamp":"2025-09-01T12:18:30.808394Z","level":"info","event":"Step 16/31 completed","chan":"stdout","logger":"task"}
{"timestamp":"2025-09-01T12:18:31.291446Z","level":"info","event":"Step 17/31 completed","chan":"stdout","logger":"task"}
{"timestamp":"2025-09-01T12:18:31.592060Z","level":"info","event":"Step 18/31 completed","chan":"stdout","logger":"task"}
{"timestamp":"2025-09-01T12:18:32.051291Z","level":"info","event":"Step 19/31 completed","chan":"stdout","logger":"task"}
{"timestamp":"2025-09-01T12:18:32.366231Z","level":"info","event":"Step 20/31 completed","chan":"stdout","logger":"task"}
{"timestamp":"2025-09-01T12:18:32.849322Z","level":"info","event":"Step 21/31 completed","chan":"stdout","logger":"task"}
{"timestamp":"2025-09-01T12:18:33.195385Z","level":"info","event":"Step 22/31 completed","chan":"stdout","logger":"task"}
{"timestamp":"2025-09-01T12:18:33.539377Z","level":"info","event":"Step 23/31 completed","chan":"stdout","logger":"task"}
{"timestamp":"2025-09-01T12:18:33.914743Z","level":"info","event":"Step 24/31 completed","chan":"stdout","logger":"task"}
{"timestamp":"2025-09-01T12:18:34.347489Z","level":"info","event":"Step 25/31 completed","chan":"stdout","logger":"task"}
{"timestamp":"2025-09-01T12:18:35.006436Z","level":"info","event":"Step 26/31 completed","chan":"stdout","logger":"task"}
{"timestamp":"2025-09-01T12:18:35.288462Z","level":"info","event":"Step 27/31 completed","chan":"stdout","logger":"task"}
{"timestamp":"2025-09-01T12:18:35.760918Z","level":"info","event":"Step 28/31 completed","chan":"stdout","logger":"task"}
{"timestamp":"2025-09-01T12:18:36.073731Z","level":"info","event":"Step 29/31 completed","chan":"stdout","logger":"task"}
{"timestamp":"2025-09-01T12:18:36.514160Z","level":"info","event":"Step 30/31 completed","chan":"stdout","logger":"task"}
{"timestamp":"2025-09-01T12:18:36.804228Z","level":"info","event":"Step 31/31 completed","chan":"stdout","logger":"task"}
{"timestamp":"2025-09-01T12:18:36.805354Z","level":"error","event":"\r  0%|          | 0/31 [00:00<?, ?it/s]\r                                      \r\r  0%|          | 0/31 [00:00<?, ?it/s]\r  3%|▎         | 1/31 [00:00<00:22,  1.32it/s]\r                                              \r\r  3%|▎         | 1/31 [00:01<00:22,  1.32it/s]\r  6%|▋         | 2/31 [00:01<00:14,  1.95it/s]\r                                              \r\r  6%|▋         | 2/31 [00:01<00:14,  1.95it/s]\r 10%|▉         | 3/31 [00:01<00:14,  1.92it/s]\r                                              \r\r 10%|▉         | 3/31 [00:02<00:14,  1.92it/s]\r 13%|█▎        | 4/31 [00:02<00:13,  1.94it/s]\r                                              \r\r 13%|█▎        | 4/31 [00:02<00:13,  1.94it/s]\r 16%|█▌        | 5/31 [00:02<00:11,  2.31it/s]\r                                              \r\r 16%|█▌        | 5/31 [00:02<00:11,  2.31it/s]\r 19%|█▉        | 6/31 [00:02<00:10,  2.29it/s]\r                                              \r\r 19%|█▉        | 6/31 [00:03<00:10,  2.29it/s]\r 23%|██▎       | 7/31 [00:03<00:10,  2.21it/s]\r                                              \r\r 23%|██▎       | 7/31 [00:03<00:10,  2.21it/s]\r 26%|██▌       | 8/31 [00:03<00:09,  2.50it/s]\r                                              \r\r 26%|██▌       | 8/31 [00:04<00:09,  2.50it/s]\r 29%|██▉       | 9/31 [00:04<00:10,  2.06it/s]\r                                              \r\r 29%|██▉       | 9/31 [00:04<00:10,  2.06it/s]\r 32%|███▏      | 10/31 [00:04<00:09,  2.31it/s]\r                                               \r\r 32%|███▏      | 10/31 [00:05<00:09,  2.31it/s]\r 35%|███▌      | 11/31 [00:05<00:09,  2.21it/s]\r                                               \r\r 35%|███▌      | 11/31 [00:05<00:09,  2.21it/s]\r 39%|███▊      | 12/31 [00:05<00:07,  2.50it/s]\r                                               \r\r 39%|███▊      | 12/31 [00:05<00:07,  2.50it/s]\r 42%|████▏     | 13/31 [00:05<00:07,  2.38it/s]\r                                               \r\r 42%|████▏     | 13/31 [00:06<00:07,  2.38it/s]\r 45%|████▌     | 14/31 [00:06<00:07,  2.35it/s]\r                                               \r\r 45%|████▌     | 14/31 [00:06<00:07,  2.35it/s]\r 48%|████▊     | 15/31 [00:06<00:06,  2.55it/s]\r                                               \r\r 48%|████▊     | 15/31 [00:06<00:06,  2.55it/s]\r 52%|█████▏    | 16/31 [00:06<00:05,  2.71it/s]\r                                               \r\r 52%|█████▏    | 16/31 [00:07<00:05,  2.71it/s]\r 55%|█████▍    | 17/31 [00:07<00:05,  2.48it/s]\r                                               \r\r 55%|█████▍    | 17/31 [00:07<00:05,  2.48it/s]\r 58%|█████▊    | 18/31 [00:07<00:04,  2.69it/s]\r                                               \r\r 58%|█████▊    | 18/31 [00:08<00:04,  2.69it/s]\r 61%|██████▏   | 19/31 [00:08<00:04,  2.51it/s]\r                                               \r\r 61%|██████▏   | 19/31 [00:08<00:04,  2.51it/s]\r 65%|██████▍   | 20/31 [00:08<00:04,  2.68it/s]\r                                               \r\r 65%|██████▍   | 20/31 [00:08<00:04,  2.68it/s]\r 68%|██████▊   | 21/31 [00:08<00:04,  2.46it/s]\r                                               \r\r 68%|██████▊   | 21/31 [00:09<00:04,  2.46it/s]\r 71%|███████   | 22/31 [00:09<00:03,  2.58it/s]\r                                               \r\r 71%|███████   | 22/31 [00:09<00:03,  2.58it/s]\r 74%|███████▍  | 23/31 [00:09<00:03,  2.67it/s]\r                                               \r\r 74%|███████▍  | 23/31 [00:10<00:03,  2.67it/s]\r 77%|███████▋  | 24/31 [00:10<00:02,  2.67it/s]\r                                               \r\r 77%|███████▋  | 24/31 [00:10<00:02,  2.67it/s]\r 81%|████████  | 25/31 [00:10<00:02,  2.63it/s]\r                                               \r\r 81%|████████  | 25/31 [00:11<00:02,  2.63it/s]\r 84%|████████▍ | 26/31 [00:11<00:02,  2.10it/s]\r                                               \r\r 84%|████████▍ | 26/31 [00:11<00:02,  2.10it/s]\r 87%|████████▋ | 27/31 [00:11<00:01,  2.39it/s]\r                                               \r\r 87%|████████▋ | 27/31 [00:11<00:01,  2.39it/s]\r 90%|█████████ | 28/31 [00:11<00:01,  2.30it/s]\r                                               \r\r 90%|█████████ | 28/31 [00:12<00:01,  2.30it/s]\r 94%|█████████▎| 29/31 [00:12<00:00,  2.51it/s]\r                                               \r\r 94%|█████████▎| 29/31 [00:12<00:00,  2.51it/s]\r 97%|█████████▋| 30/31 [00:12<00:00,  2.44it/s]\r                                               \r\r 97%|█████████▋| 30/31 [00:12<00:00,  2.44it/s]\r100%|██████████| 31/31 [00:12<00:00,  2.67it/s]\r100%|██████████| 31/31 [00:12<00:00,  2.40it/s]","chan":"stderr","logger":"task"}
{"timestamp":"2025-09-01T12:18:36.864999Z","level":"info","event":"31 articles sets created successfully","chan":"stdout","logger":"task"}
{"timestamp":"2025-09-01T12:18:36.865184","level":"info","event":"Done. Returned value was: None","logger":"airflow.task.operators.airflow.providers.standard.decorators.python._PythonDecoratedOperator"}
