{"timestamp":"2025-09-01T15:39:48.131879","level":"info","event":"DAG bundles loaded: dags-folder","logger":"airflow.dag_processing.bundles.manager.DagBundlesManager"}
{"timestamp":"2025-09-01T15:39:48.133984","level":"info","event":"Filling up the DagBag from /opt/airflow/dags/articles.py","logger":"airflow.models.dagbag.DagBag"}
{"timestamp":"2025-09-01T15:39:48.896479Z","level":"info","event":"31 categories loaded successfully","chan":"stdout","logger":"task"}
{"timestamp":"2025-09-01T15:39:49.548128Z","level":"info","event":"1% completed","chan":"stdout","logger":"task"}
{"timestamp":"2025-09-01T15:39:49.935363Z","level":"info","event":"2% completed","chan":"stdout","logger":"task"}
{"timestamp":"2025-09-01T15:39:50.428184Z","level":"info","event":"3% completed","chan":"stdout","logger":"task"}
{"timestamp":"2025-09-01T15:39:50.907851Z","level":"info","event":"4% completed","chan":"stdout","logger":"task"}
{"timestamp":"2025-09-01T15:39:51.383370Z","level":"info","event":"5% completed","chan":"stdout","logger":"task"}
{"timestamp":"2025-09-01T15:39:51.866541Z","level":"info","event":"6% completed","chan":"stdout","logger":"task"}
{"timestamp":"2025-09-01T15:39:52.316091Z","level":"info","event":"7% completed","chan":"stdout","logger":"task"}
{"timestamp":"2025-09-01T15:39:53.070699Z","level":"info","event":"8% completed","chan":"stdout","logger":"task"}
{"timestamp":"2025-09-01T15:39:53.474906Z","level":"info","event":"9% completed","chan":"stdout","logger":"task"}
{"timestamp":"2025-09-01T15:39:54.161705Z","level":"info","event":"10% completed","chan":"stdout","logger":"task"}
{"timestamp":"2025-09-01T15:39:54.638840Z","level":"info","event":"11% completed","chan":"stdout","logger":"task"}
{"timestamp":"2025-09-01T15:39:55.230725Z","level":"info","event":"12% completed","chan":"stdout","logger":"task"}
{"timestamp":"2025-09-01T15:39:55.857910Z","level":"info","event":"13% completed","chan":"stdout","logger":"task"}
{"timestamp":"2025-09-01T15:39:56.353544Z","level":"info","event":"14% completed","chan":"stdout","logger":"task"}
{"timestamp":"2025-09-01T15:39:56.812608Z","level":"info","event":"15% completed","chan":"stdout","logger":"task"}
{"timestamp":"2025-09-01T15:39:57.277301Z","level":"info","event":"16% completed","chan":"stdout","logger":"task"}
{"timestamp":"2025-09-01T15:39:57.813724Z","level":"info","event":"17% completed","chan":"stdout","logger":"task"}
{"timestamp":"2025-09-01T15:39:58.155255Z","level":"info","event":"18% completed","chan":"stdout","logger":"task"}
{"timestamp":"2025-09-01T15:39:58.615475Z","level":"info","event":"19% completed","chan":"stdout","logger":"task"}
{"timestamp":"2025-09-01T15:39:58.912970Z","level":"info","event":"20% completed","chan":"stdout","logger":"task"}
{"timestamp":"2025-09-01T15:39:59.421458Z","level":"info","event":"21% completed","chan":"stdout","logger":"task"}
{"timestamp":"2025-09-01T15:39:59.948800Z","level":"info","event":"22% completed","chan":"stdout","logger":"task"}
{"timestamp":"2025-09-01T15:40:00.261100Z","level":"info","event":"23% completed","chan":"stdout","logger":"task"}
{"timestamp":"2025-09-01T15:40:00.741619Z","level":"info","event":"24% completed","chan":"stdout","logger":"task"}
{"timestamp":"2025-09-01T15:40:01.185977Z","level":"info","event":"25% completed","chan":"stdout","logger":"task"}
{"timestamp":"2025-09-01T15:40:01.641755Z","level":"info","event":"26% completed","chan":"stdout","logger":"task"}
{"timestamp":"2025-09-01T15:40:02.102229Z","level":"info","event":"27% completed","chan":"stdout","logger":"task"}
{"timestamp":"2025-09-01T15:40:02.445933Z","level":"info","event":"28% completed","chan":"stdout","logger":"task"}
{"timestamp":"2025-09-01T15:40:02.895150Z","level":"info","event":"29% completed","chan":"stdout","logger":"task"}
{"timestamp":"2025-09-01T15:40:03.422480Z","level":"info","event":"30% completed","chan":"stdout","logger":"task"}
{"timestamp":"2025-09-01T15:40:03.904065Z","level":"info","event":"31% completed","chan":"stdout","logger":"task"}
{"timestamp":"2025-09-01T15:40:04.005841Z","level":"info","event":"31 articles sets created successfully","chan":"stdout","logger":"task"}
{"timestamp":"2025-09-01T15:40:04.006075","level":"info","event":"Done. Returned value was: None","logger":"airflow.task.operators.airflow.providers.standard.decorators.python._PythonDecoratedOperator"}
