{"timestamp":"2025-09-10T05:38:01.971936","level":"info","event":"DAG bundles loaded: dags-folder","logger":"airflow.dag_processing.bundles.manager.DagBundlesManager"}
{"timestamp":"2025-09-10T05:38:01.972536","level":"info","event":"Filling up the DagBag from /opt/airflow/dags/categories.py","logger":"airflow.models.dagbag.DagBag"}
{"timestamp":"2025-09-10T05:38:02.161486Z","level":"info","event":"Looking into 31 new categories","chan":"stdout","logger":"task"}
{"timestamp":"2025-09-10T05:38:02.161755Z","level":"info","event":"{'category': 'Algebra', 'og_cat': 'Algebra', 'layer': 1}","chan":"stdout","logger":"task"}
{"timestamp":"2025-09-10T05:38:02.717828Z","level":"info","event":"{'category': 'Arithmetic', 'og_cat': 'Arithmetic', 'layer': 1}","chan":"stdout","logger":"task"}
{"timestamp":"2025-09-10T05:38:02.855392Z","level":"info","event":"{'category': 'Analysis', 'og_cat': 'Analysis', 'layer': 1}","chan":"stdout","logger":"task"}
{"timestamp":"2025-09-10T05:38:02.983410Z","level":"info","event":"{'category': 'Complex analysis', 'og_cat': 'Complex analysis', 'layer': 1}","chan":"stdout","logger":"task"}
{"timestamp":"2025-09-10T05:38:03.216076Z","level":"info","event":"{'category': 'Applied mathematics', 'og_cat': 'Applied mathematics', 'layer': 1}","chan":"stdout","logger":"task"}
{"timestamp":"2025-09-10T05:38:03.449519Z","level":"info","event":"{'category': 'Calculus', 'og_cat': 'Calculus', 'layer': 1}","chan":"stdout","logger":"task"}
{"timestamp":"2025-09-10T05:38:03.581085Z","level":"info","event":"{'category': 'Category theory', 'og_cat': 'Category theory', 'layer': 1}","chan":"stdout","logger":"task"}
{"timestamp":"2025-09-10T05:38:03.799191Z","level":"info","event":"{'category': 'Chaos theory', 'og_cat': 'Chaos theory', 'layer': 1}","chan":"stdout","logger":"task"}
{"timestamp":"2025-09-10T05:38:04.006247Z","level":"info","event":"{'category': 'Combinatorics', 'og_cat': 'Combinatorics', 'layer': 1}","chan":"stdout","logger":"task"}
{"timestamp":"2025-09-10T05:38:04.182502Z","level":"info","event":"{'category': 'Dynamical systems', 'og_cat': 'Dynamical systems', 'layer': 1}","chan":"stdout","logger":"task"}
{"timestamp":"2025-09-10T05:38:04.466723Z","level":"info","event":"{'category': 'Fractals', 'og_cat': 'Fractals', 'layer': 1}","chan":"stdout","logger":"task"}
{"timestamp":"2025-09-10T05:38:04.624921Z","level":"info","event":"{'category': 'Game theory', 'og_cat': 'Game theory', 'layer': 1}","chan":"stdout","logger":"task"}
{"timestamp":"2025-09-10T05:38:04.859962Z","level":"info","event":"{'category': 'Geometry', 'og_cat': 'Geometry', 'layer': 1}","chan":"stdout","logger":"task"}
{"timestamp":"2025-09-10T05:38:05.044463Z","level":"info","event":"{'category': 'Algebraic geometry', 'og_cat': 'Algebraic geometry', 'layer': 1}","chan":"stdout","logger":"task"}
{"timestamp":"2025-09-10T05:38:05.267052Z","level":"info","event":"{'category': 'Graph theory', 'og_cat': 'Graph theory', 'layer': 1}","chan":"stdout","logger":"task"}
{"timestamp":"2025-09-10T05:38:05.653465Z","level":"info","event":"{'category': 'Group theory', 'og_cat': 'Group theory', 'layer': 1}","chan":"stdout","logger":"task"}
{"timestamp":"2025-09-10T05:38:05.846696Z","level":"info","event":"{'category': 'Linear algebra', 'og_cat': 'Linear algebra', 'layer': 1}","chan":"stdout","logger":"task"}
{"timestamp":"2025-09-10T05:38:06.032684Z","level":"info","event":"{'category': 'Mathematical logic', 'og_cat': 'Mathematical logic', 'layer': 1}","chan":"stdout","logger":"task"}
{"timestamp":"2025-09-10T05:38:06.299801Z","level":"info","event":"{'category': 'Model theory', 'og_cat': 'Model theory', 'layer': 1}","chan":"stdout","logger":"task"}
{"timestamp":"2025-09-10T05:38:06.460908Z","level":"info","event":"{'category': 'Multi-dimensional geometry', 'og_cat': 'Multi-dimensional geometry', 'layer': 1}","chan":"stdout","logger":"task"}
{"timestamp":"2025-09-10T05:38:06.646232Z","level":"info","event":"{'category': 'Number theory', 'og_cat': 'Number theory', 'layer': 1}","chan":"stdout","logger":"task"}
{"timestamp":"2025-09-10T05:38:06.888127Z","level":"info","event":"{'category': 'Numerical analysis', 'og_cat': 'Numerical analysis', 'layer': 1}","chan":"stdout","logger":"task"}
{"timestamp":"2025-09-10T05:38:07.151722Z","level":"info","event":"{'category': 'Optimization', 'og_cat': 'Optimization', 'layer': 1}","chan":"stdout","logger":"task"}
{"timestamp":"2025-09-10T05:38:07.242610Z","level":"info","event":"{'category': 'Order theory', 'og_cat': 'Order theory', 'layer': 1}","chan":"stdout","logger":"task"}
{"timestamp":"2025-09-10T05:38:07.460770Z","level":"info","event":"{'category': 'Probability and statistics', 'og_cat': 'Probability and statistics', 'layer': 1}","chan":"stdout","logger":"task"}
{"timestamp":"2025-09-10T05:38:07.627263Z","level":"info","event":"{'category': 'Set theory', 'og_cat': 'Set theory', 'layer': 1}","chan":"stdout","logger":"task"}
{"timestamp":"2025-09-10T05:38:07.857293Z","level":"info","event":"{'category': 'Statistics', 'og_cat': 'Statistics', 'layer': 1}","chan":"stdout","logger":"task"}
{"timestamp":"2025-09-10T05:38:07.968078Z","level":"info","event":"{'category': 'Topology', 'og_cat': 'Topology', 'layer': 1}","chan":"stdout","logger":"task"}
{"timestamp":"2025-09-10T05:38:08.116156Z","level":"info","event":"{'category': 'Algebraic topology', 'og_cat': 'Algebraic topology', 'layer': 1}","chan":"stdout","logger":"task"}
{"timestamp":"2025-09-10T05:38:08.299159Z","level":"info","event":"{'category': 'Trigonometry', 'og_cat': 'Trigonometry', 'layer': 1}","chan":"stdout","logger":"task"}
{"timestamp":"2025-09-10T05:38:08.447804Z","level":"info","event":"{'category': 'Linear programming', 'og_cat': 'Linear programming', 'layer': 1}","chan":"stdout","logger":"task"}
{"timestamp":"2025-09-10T05:38:08.606893Z","level":"info","event":"Layer 2 parsed","chan":"stdout","logger":"task"}
{"timestamp":"2025-09-10T05:38:08.607195Z","level":"info","event":"Looking into 31 new categories","chan":"stdout","logger":"task"}
{"timestamp":"2025-09-10T05:38:08.607376Z","level":"info","event":"{'category': 'Algebra', 'og_cat': 'Algebra', 'layer': 1}","chan":"stdout","logger":"task"}
{"timestamp":"2025-09-10T05:38:08.607539Z","level":"info","event":"{'category': 'Arithmetic', 'og_cat': 'Arithmetic', 'layer': 1}","chan":"stdout","logger":"task"}
{"timestamp":"2025-09-10T05:38:08.607697Z","level":"info","event":"{'category': 'Analysis', 'og_cat': 'Analysis', 'layer': 1}","chan":"stdout","logger":"task"}
{"timestamp":"2025-09-10T05:38:08.607848Z","level":"info","event":"{'category': 'Complex analysis', 'og_cat': 'Complex analysis', 'layer': 1}","chan":"stdout","logger":"task"}
{"timestamp":"2025-09-10T05:38:08.607999Z","level":"info","event":"{'category': 'Applied mathematics', 'og_cat': 'Applied mathematics', 'layer': 1}","chan":"stdout","logger":"task"}
{"timestamp":"2025-09-10T05:38:08.608147Z","level":"info","event":"{'category': 'Calculus', 'og_cat': 'Calculus', 'layer': 1}","chan":"stdout","logger":"task"}
{"timestamp":"2025-09-10T05:38:08.608296Z","level":"info","event":"{'category': 'Category theory', 'og_cat': 'Category theory', 'layer': 1}","chan":"stdout","logger":"task"}
{"timestamp":"2025-09-10T05:38:08.608444Z","level":"info","event":"{'category': 'Chaos theory', 'og_cat': 'Chaos theory', 'layer': 1}","chan":"stdout","logger":"task"}
{"timestamp":"2025-09-10T05:38:08.608607Z","level":"info","event":"{'category': 'Combinatorics', 'og_cat': 'Combinatorics', 'layer': 1}","chan":"stdout","logger":"task"}
{"timestamp":"2025-09-10T05:38:08.608753Z","level":"info","event":"{'category': 'Dynamical systems', 'og_cat': 'Dynamical systems', 'layer': 1}","chan":"stdout","logger":"task"}
{"timestamp":"2025-09-10T05:38:08.608896Z","level":"info","event":"{'category': 'Fractals', 'og_cat': 'Fractals', 'layer': 1}","chan":"stdout","logger":"task"}
{"timestamp":"2025-09-10T05:38:08.609037Z","level":"info","event":"{'category': 'Game theory', 'og_cat': 'Game theory', 'layer': 1}","chan":"stdout","logger":"task"}
{"timestamp":"2025-09-10T05:38:08.609181Z","level":"info","event":"{'category': 'Geometry', 'og_cat': 'Geometry', 'layer': 1}","chan":"stdout","logger":"task"}
{"timestamp":"2025-09-10T05:38:08.609350Z","level":"info","event":"{'category': 'Algebraic geometry', 'og_cat': 'Algebraic geometry', 'layer': 1}","chan":"stdout","logger":"task"}
{"timestamp":"2025-09-10T05:38:08.609505Z","level":"info","event":"{'category': 'Graph theory', 'og_cat': 'Graph theory', 'layer': 1}","chan":"stdout","logger":"task"}
{"timestamp":"2025-09-10T05:38:08.609650Z","level":"info","event":"{'category': 'Group theory', 'og_cat': 'Group theory', 'layer': 1}","chan":"stdout","logger":"task"}
{"timestamp":"2025-09-10T05:38:08.609800Z","level":"info","event":"{'category': 'Linear algebra', 'og_cat': 'Linear algebra', 'layer': 1}","chan":"stdout","logger":"task"}
{"timestamp":"2025-09-10T05:38:08.609983Z","level":"info","event":"{'category': 'Mathematical logic', 'og_cat': 'Mathematical logic', 'layer': 1}","chan":"stdout","logger":"task"}
{"timestamp":"2025-09-10T05:38:08.610141Z","level":"info","event":"{'category': 'Model theory', 'og_cat': 'Model theory', 'layer': 1}","chan":"stdout","logger":"task"}
{"timestamp":"2025-09-10T05:38:08.610287Z","level":"info","event":"{'category': 'Multi-dimensional geometry', 'og_cat': 'Multi-dimensional geometry', 'layer': 1}","chan":"stdout","logger":"task"}
{"timestamp":"2025-09-10T05:38:08.610430Z","level":"info","event":"{'category': 'Number theory', 'og_cat': 'Number theory', 'layer': 1}","chan":"stdout","logger":"task"}
{"timestamp":"2025-09-10T05:38:08.610574Z","level":"info","event":"{'category': 'Numerical analysis', 'og_cat': 'Numerical analysis', 'layer': 1}","chan":"stdout","logger":"task"}
{"timestamp":"2025-09-10T05:38:08.610716Z","level":"info","event":"{'category': 'Optimization', 'og_cat': 'Optimization', 'layer': 1}","chan":"stdout","logger":"task"}
{"timestamp":"2025-09-10T05:38:08.610857Z","level":"info","event":"{'category': 'Order theory', 'og_cat': 'Order theory', 'layer': 1}","chan":"stdout","logger":"task"}
{"timestamp":"2025-09-10T05:38:08.610997Z","level":"info","event":"{'category': 'Probability and statistics', 'og_cat': 'Probability and statistics', 'layer': 1}","chan":"stdout","logger":"task"}
{"timestamp":"2025-09-10T05:38:08.611137Z","level":"info","event":"{'category': 'Set theory', 'og_cat': 'Set theory', 'layer': 1}","chan":"stdout","logger":"task"}
{"timestamp":"2025-09-10T05:38:08.611405Z","level":"info","event":"{'category': 'Statistics', 'og_cat': 'Statistics', 'layer': 1}","chan":"stdout","logger":"task"}
{"timestamp":"2025-09-10T05:38:08.611580Z","level":"info","event":"{'category': 'Topology', 'og_cat': 'Topology', 'layer': 1}","chan":"stdout","logger":"task"}
{"timestamp":"2025-09-10T05:38:08.611731Z","level":"info","event":"{'category': 'Algebraic topology', 'og_cat': 'Algebraic topology', 'layer': 1}","chan":"stdout","logger":"task"}
{"timestamp":"2025-09-10T05:38:08.611879Z","level":"info","event":"{'category': 'Trigonometry', 'og_cat': 'Trigonometry', 'layer': 1}","chan":"stdout","logger":"task"}
{"timestamp":"2025-09-10T05:38:08.612024Z","level":"info","event":"{'category': 'Linear programming', 'og_cat': 'Linear programming', 'layer': 1}","chan":"stdout","logger":"task"}
{"timestamp":"2025-09-10T05:38:08.612172Z","level":"info","event":"[{'category': '', 'og_cat': 'Algebra', 'layer': 2}, {'category': 'Algebraists', 'og_cat': 'Algebra', 'layer': 2}, {'category': '', 'og_cat': 'Algebra', 'layer': 2}, {'category': 'Abstract algebra', 'og_cat': 'Algebra', 'layer': 2}, {'category': '', 'og_cat': 'Algebra', 'layer': 2}, {'category': 'Algebra journals', 'og_cat': 'Algebra', 'layer': 2}, {'category': '', 'og_cat': 'Algebra', 'layer': 2}, {'category': 'Algebraic graph theory', 'og_cat': 'Algebra', 'layer': 2}, {'category': '', 'og_cat': 'Algebra', 'layer': 2}, {'category': 'Computer algebra', 'og_cat': 'Algebra', 'layer': 2}, {'category': 'Algebra education', 'og_cat': 'Algebra', 'layer': 2}, {'category': '', 'og_cat': 'Algebra', 'layer': 2}, {'category': 'Elementary algebra', 'og_cat': 'Algebra', 'layer': 2}, {'category': 'History of algebra', 'og_cat': 'Algebra', 'layer': 2}, {'category': '', 'og_cat': 'Algebra', 'layer': 2}, {'category': 'Linear algebra', 'og_cat': 'Algebra', 'layer': 2}, {'category': '', 'og_cat': 'Algebra', 'layer': 2}, {'category': 'Mathematical identities', 'og_cat': 'Algebra', 'layer': 2}, {'category': '', 'og_cat': 'Algebra', 'layer': 2}, {'category': 'Polynomials', 'og_cat': 'Algebra', 'layer': 2}, {'category': 'Series expansions', 'og_cat': 'Algebra', 'layer': 2}, {'category': 'Symmetric functions', 'og_cat': 'Algebra', 'layer': 2}, {'category': '', 'og_cat': 'Algebra', 'layer': 2}, {'category': 'Theorems in algebra', 'og_cat': 'Algebra', 'layer': 2}, {'category': '', 'og_cat': 'Algebra', 'layer': 2}, {'category': 'Variables (mathematics)', 'og_cat': 'Algebra', 'layer': 2}, {'category': '', 'og_cat': 'Algebra', 'layer': 2}, {'category': 'Algebra stubs', 'og_cat': 'Algebra', 'layer': 2}]","chan":"stdout","logger":"task"}
{"timestamp":"2025-09-10T05:38:08.607023","level":"error","event":"Task failed with exception","logger":"task","error_detail":[{"exc_type":"TypeError","exc_value":"list indices must be integers or slices, not str","exc_notes":[],"syntax_error":null,"is_cause":false,"frames":[{"filename":"/home/airflow/.local/lib/python3.12/site-packages/airflow/sdk/execution_time/task_runner.py","lineno":920,"name":"run"},{"filename":"/home/airflow/.local/lib/python3.12/site-packages/airflow/sdk/execution_time/task_runner.py","lineno":1215,"name":"_execute_task"},{"filename":"/home/airflow/.local/lib/python3.12/site-packages/airflow/sdk/bases/operator.py","lineno":397,"name":"wrapper"},{"filename":"/home/airflow/.local/lib/python3.12/site-packages/airflow/sdk/bases/decorator.py","lineno":251,"name":"execute"},{"filename":"/home/airflow/.local/lib/python3.12/site-packages/airflow/sdk/bases/operator.py","lineno":397,"name":"wrapper"},{"filename":"/home/airflow/.local/lib/python3.12/site-packages/airflow/providers/standard/operators/python.py","lineno":216,"name":"execute"},{"filename":"/home/airflow/.local/lib/python3.12/site-packages/airflow/providers/standard/operators/python.py","lineno":239,"name":"execute_callable"},{"filename":"/home/airflow/.local/lib/python3.12/site-packages/airflow/sdk/execution_time/callback_runner.py","lineno":81,"name":"run"},{"filename":"/opt/airflow/dags/categories.py","lineno":77,"name":"get_subcategories"}],"is_group":false,"exceptions":[]}]}
