{"timestamp":"2025-09-01T12:18:38.141217","level":"info","event":"DAG bundles loaded: dags-folder","logger":"airflow.dag_processing.bundles.manager.DagBundlesManager"}
{"timestamp":"2025-09-01T12:18:38.141908","level":"info","event":"Filling up the DagBag from /opt/airflow/dags/articles.py","logger":"airflow.models.dagbag.DagBag"}
{"timestamp":"2025-09-01T12:18:39.566441Z","level":"info","event":"Step 1/31 completed","chan":"stdout","logger":"task"}
{"timestamp":"2025-09-01T12:18:40.358748Z","level":"info","event":"Step 2/31 completed","chan":"stdout","logger":"task"}
{"timestamp":"2025-09-01T12:18:40.994802Z","level":"info","event":"Step 3/31 completed","chan":"stdout","logger":"task"}
{"timestamp":"2025-09-01T12:18:42.003930Z","level":"info","event":"Step 4/31 completed","chan":"stdout","logger":"task"}
{"timestamp":"2025-09-01T12:18:43.233089Z","level":"info","event":"Step 5/31 completed","chan":"stdout","logger":"task"}
{"timestamp":"2025-09-01T12:18:43.939415Z","level":"info","event":"Step 6/31 completed","chan":"stdout","logger":"task"}
{"timestamp":"2025-09-01T12:18:45.459368Z","level":"info","event":"Step 7/31 completed","chan":"stdout","logger":"task"}
{"timestamp":"2025-09-01T12:18:46.055014Z","level":"info","event":"Step 8/31 completed","chan":"stdout","logger":"task"}
{"timestamp":"2025-09-01T12:18:47.262357Z","level":"info","event":"Step 9/31 completed","chan":"stdout","logger":"task"}
{"timestamp":"2025-09-01T12:18:49.061744Z","level":"info","event":"Step 10/31 completed","chan":"stdout","logger":"task"}
{"timestamp":"2025-09-01T12:18:50.067364Z","level":"info","event":"Step 11/31 completed","chan":"stdout","logger":"task"}
{"timestamp":"2025-09-01T12:18:51.196762Z","level":"info","event":"Step 12/31 completed","chan":"stdout","logger":"task"}
{"timestamp":"2025-09-01T12:18:52.244050Z","level":"info","event":"Step 13/31 completed","chan":"stdout","logger":"task"}
{"timestamp":"2025-09-01T12:18:54.555726Z","level":"info","event":"Step 14/31 completed","chan":"stdout","logger":"task"}
{"timestamp":"2025-09-01T12:18:55.609351Z","level":"info","event":"Step 15/31 completed","chan":"stdout","logger":"task"}
{"timestamp":"2025-09-01T12:18:58.273738Z","level":"info","event":"Step 16/31 completed","chan":"stdout","logger":"task"}
{"timestamp":"2025-09-01T12:19:00.359396Z","level":"info","event":"Step 17/31 completed","chan":"stdout","logger":"task"}
{"timestamp":"2025-09-01T12:19:01.754028Z","level":"info","event":"Step 18/31 completed","chan":"stdout","logger":"task"}
{"timestamp":"2025-09-01T12:19:02.447550Z","level":"info","event":"Step 19/31 completed","chan":"stdout","logger":"task"}
{"timestamp":"2025-09-01T12:19:03.150464Z","level":"info","event":"Step 20/31 completed","chan":"stdout","logger":"task"}
{"timestamp":"2025-09-01T12:19:04.896502Z","level":"info","event":"Step 21/31 completed","chan":"stdout","logger":"task"}
{"timestamp":"2025-09-01T12:19:06.836305Z","level":"info","event":"Step 22/31 completed","chan":"stdout","logger":"task"}
{"timestamp":"2025-09-01T12:19:07.191067Z","level":"info","event":"Step 23/31 completed","chan":"stdout","logger":"task"}
{"timestamp":"2025-09-01T12:19:08.444233Z","level":"info","event":"Step 24/31 completed","chan":"stdout","logger":"task"}
{"timestamp":"2025-09-01T12:19:08.848921Z","level":"info","event":"Step 25/31 completed","chan":"stdout","logger":"task"}
{"timestamp":"2025-09-01T12:19:10.164457Z","level":"info","event":"Step 26/31 completed","chan":"stdout","logger":"task"}
{"timestamp":"2025-09-01T12:19:10.665282Z","level":"info","event":"Step 27/31 completed","chan":"stdout","logger":"task"}
{"timestamp":"2025-09-01T12:19:12.585275Z","level":"info","event":"Step 28/31 completed","chan":"stdout","logger":"task"}
{"timestamp":"2025-09-01T12:19:14.111204Z","level":"info","event":"Step 29/31 completed","chan":"stdout","logger":"task"}
{"timestamp":"2025-09-01T12:19:15.280651Z","level":"info","event":"Step 30/31 completed","chan":"stdout","logger":"task"}
{"timestamp":"2025-09-01T12:19:16.026513Z","level":"info","event":"Step 31/31 completed","chan":"stdout","logger":"task"}
{"timestamp":"2025-09-01T12:19:16.027216Z","level":"error","event":"\r  0%|          | 0/31 [00:00<?, ?it/s]\r                                      \r\r  0%|          | 0/31 [00:01<?, ?it/s]\r  3%|▎         | 1/31 [00:01<00:36,  1.22s/it]\r                                              \r\r  3%|▎         | 1/31 [00:02<00:36,  1.22s/it]\r  6%|▋         | 2/31 [00:02<00:28,  1.03it/s]\r                                              \r\r  6%|▋         | 2/31 [00:02<00:28,  1.03it/s]\r 10%|▉         | 3/31 [00:02<00:22,  1.23it/s]\r                                              \r\r 10%|▉         | 3/31 [00:03<00:22,  1.23it/s]\r 13%|█▎        | 4/31 [00:03<00:24,  1.12it/s]\r                                              \r\r 13%|█▎        | 4/31 [00:04<00:24,  1.12it/s]\r 16%|█▌        | 5/31 [00:04<00:25,  1.00it/s]\r                                              \r\r 16%|█▌        | 5/31 [00:05<00:25,  1.00it/s]\r 19%|█▉        | 6/31 [00:05<00:22,  1.10it/s]\r                                              \r\r 19%|█▉        | 6/31 [00:07<00:22,  1.10it/s]\r 23%|██▎       | 7/31 [00:07<00:26,  1.11s/it]\r                                              \r\r 23%|██▎       | 7/31 [00:07<00:26,  1.11s/it]\r 26%|██▌       | 8/31 [00:07<00:21,  1.06it/s]\r                                              \r\r 26%|██▌       | 8/31 [00:08<00:21,  1.06it/s]\r 29%|██▉       | 9/31 [00:08<00:22,  1.03s/it]\r                                              \r\r 29%|██▉       | 9/31 [00:10<00:22,  1.03s/it]\r 32%|███▏      | 10/31 [00:10<00:26,  1.27s/it]\r                                               \r\r 32%|███▏      | 10/31 [00:11<00:26,  1.27s/it]\r 35%|███▌      | 11/31 [00:11<00:23,  1.19s/it]\r                                               \r\r 35%|███▌      | 11/31 [00:12<00:23,  1.19s/it]\r 39%|███▊      | 12/31 [00:12<00:22,  1.17s/it]\r                                               \r\r 39%|███▊      | 12/31 [00:13<00:22,  1.17s/it]\r 42%|████▏     | 13/31 [00:13<00:20,  1.13s/it]\r                                               \r\r 42%|████▏     | 13/31 [00:16<00:20,  1.13s/it]\r 45%|████▌     | 14/31 [00:16<00:25,  1.49s/it]\r                                               \r\r 45%|████▌     | 14/31 [00:17<00:25,  1.49s/it]\r 48%|████▊     | 15/31 [00:17<00:21,  1.36s/it]\r                                               \r\r 48%|████▊     | 15/31 [00:19<00:21,  1.36s/it]\r 52%|█████▏    | 16/31 [00:19<00:26,  1.75s/it]\r                                               \r\r 52%|█████▏    | 16/31 [00:22<00:26,  1.75s/it]\r 55%|█████▍    | 17/31 [00:22<00:25,  1.85s/it]\r                                               \r\r 55%|█████▍    | 17/31 [00:23<00:25,  1.85s/it]\r 58%|█████▊    | 18/31 [00:23<00:22,  1.71s/it]\r                                               \r\r 58%|█████▊    | 18/31 [00:24<00:22,  1.71s/it]\r 61%|██████▏   | 19/31 [00:24<00:16,  1.41s/it]\r                                               \r\r 61%|██████▏   | 19/31 [00:24<00:16,  1.41s/it]\r 65%|██████▍   | 20/31 [00:24<00:13,  1.20s/it]\r                                               \r\r 65%|██████▍   | 20/31 [00:26<00:13,  1.20s/it]\r 68%|██████▊   | 21/31 [00:26<00:13,  1.36s/it]\r                                               \r\r 68%|██████▊   | 21/31 [00:28<00:13,  1.36s/it]\r 71%|███████   | 22/31 [00:28<00:13,  1.52s/it]\r                                               \r\r 71%|███████   | 22/31 [00:28<00:13,  1.52s/it]\r 74%|███████▍  | 23/31 [00:28<00:09,  1.18s/it]\r                                               \r\r 74%|███████▍  | 23/31 [00:30<00:09,  1.18s/it]\r 77%|███████▋  | 24/31 [00:30<00:08,  1.20s/it]\r                                               \r\r 77%|███████▋  | 24/31 [00:30<00:08,  1.20s/it]\r 81%|████████  | 25/31 [00:30<00:05,  1.04it/s]\r                                               \r\r 81%|████████  | 25/31 [00:31<00:05,  1.04it/s]\r 84%|████████▍ | 26/31 [00:31<00:05,  1.07s/it]\r                                               \r\r 84%|████████▍ | 26/31 [00:32<00:05,  1.07s/it]\r 87%|████████▋ | 27/31 [00:32<00:03,  1.11it/s]\r                                               \r\r 87%|████████▋ | 27/31 [00:34<00:03,  1.11it/s]\r 90%|█████████ | 28/31 [00:34<00:03,  1.19s/it]\r                                               \r\r 90%|█████████ | 28/31 [00:35<00:03,  1.19s/it]\r 94%|█████████▎| 29/31 [00:35<00:02,  1.31s/it]\r                                               \r\r 94%|█████████▎| 29/31 [00:36<00:02,  1.31s/it]\r 97%|█████████▋| 30/31 [00:36<00:01,  1.26s/it]\r                                               \r\r 97%|█████████▋| 30/31 [00:37<00:01,  1.26s/it]\r100%|██████████| 31/31 [00:37<00:00,  1.11s/it]\r100%|██████████| 31/31 [00:37<00:00,  1.22s/it]","chan":"stderr","logger":"task"}
{"timestamp":"2025-09-01T12:19:16.027702Z","level":"info","event":"articles sets downloaded successfully","chan":"stdout","logger":"task"}
{"timestamp":"2025-09-01T12:19:16.026912","level":"info","event":"Done. Returned value was: None","logger":"airflow.task.operators.airflow.providers.standard.decorators.python._PythonDecoratedOperator"}
