{"timestamp":"2025-09-03T05:18:15.815140","level":"info","event":"DAG bundles loaded: dags-folder","logger":"airflow.dag_processing.bundles.manager.DagBundlesManager"}
{"timestamp":"2025-09-03T05:18:15.815742","level":"info","event":"Filling up the DagBag from /opt/airflow/dags/articles.py","logger":"airflow.models.dagbag.DagBag"}
{"timestamp":"2025-09-03T05:18:15.986231Z","level":"info","event":"3550 categories loaded successfully","chan":"stdout","logger":"task"}
{"timestamp":"2025-09-03T05:18:31.267104Z","level":"info","event":"1% completed","chan":"stdout","logger":"task"}
{"timestamp":"2025-09-03T05:18:45.377007Z","level":"info","event":"2% completed","chan":"stdout","logger":"task"}
{"timestamp":"2025-09-03T05:18:45.831166Z","level":"info","event":"2% completed","chan":"stdout","logger":"task"}
{"timestamp":"2025-09-03T05:18:59.256789Z","level":"info","event":"3% completed","chan":"stdout","logger":"task"}
{"timestamp":"2025-09-03T05:19:13.270853Z","level":"info","event":"4% completed","chan":"stdout","logger":"task"}
{"timestamp":"2025-09-03T05:19:13.702910Z","level":"info","event":"4% completed","chan":"stdout","logger":"task"}
{"timestamp":"2025-09-03T05:19:28.510906Z","level":"info","event":"5% completed","chan":"stdout","logger":"task"}
{"timestamp":"2025-09-03T05:19:43.232473Z","level":"info","event":"6% completed","chan":"stdout","logger":"task"}
{"timestamp":"2025-09-03T05:19:43.508244Z","level":"info","event":"6% completed","chan":"stdout","logger":"task"}
{"timestamp":"2025-09-03T05:19:57.532377Z","level":"info","event":"7% completed","chan":"stdout","logger":"task"}
{"timestamp":"2025-09-03T05:20:11.558069Z","level":"info","event":"8% completed","chan":"stdout","logger":"task"}
{"timestamp":"2025-09-03T05:20:11.926382Z","level":"info","event":"8% completed","chan":"stdout","logger":"task"}
{"timestamp":"2025-09-03T05:20:26.568275Z","level":"info","event":"9% completed","chan":"stdout","logger":"task"}
{"timestamp":"2025-09-03T05:20:41.029000Z","level":"info","event":"10% completed","chan":"stdout","logger":"task"}
{"timestamp":"2025-09-03T05:20:41.553547Z","level":"info","event":"10% completed","chan":"stdout","logger":"task"}
{"timestamp":"2025-09-03T05:20:54.910507Z","level":"info","event":"11% completed","chan":"stdout","logger":"task"}
{"timestamp":"2025-09-03T05:21:08.915584Z","level":"info","event":"12% completed","chan":"stdout","logger":"task"}
{"timestamp":"2025-09-03T05:21:09.378293Z","level":"info","event":"12% completed","chan":"stdout","logger":"task"}
{"timestamp":"2025-09-03T05:21:23.523432Z","level":"info","event":"13% completed","chan":"stdout","logger":"task"}
{"timestamp":"2025-09-03T05:21:37.794344Z","level":"info","event":"14% completed","chan":"stdout","logger":"task"}
{"timestamp":"2025-09-03T05:21:51.781892Z","level":"info","event":"15% completed","chan":"stdout","logger":"task"}
{"timestamp":"2025-09-03T05:22:05.440367Z","level":"info","event":"16% completed","chan":"stdout","logger":"task"}
{"timestamp":"2025-09-03T05:22:05.792116Z","level":"info","event":"16% completed","chan":"stdout","logger":"task"}
{"timestamp":"2025-09-03T05:22:20.263615Z","level":"info","event":"17% completed","chan":"stdout","logger":"task"}
{"timestamp":"2025-09-03T05:22:33.829956Z","level":"info","event":"18% completed","chan":"stdout","logger":"task"}
{"timestamp":"2025-09-03T05:22:34.297888Z","level":"info","event":"18% completed","chan":"stdout","logger":"task"}
{"timestamp":"2025-09-03T05:22:47.815099Z","level":"info","event":"19% completed","chan":"stdout","logger":"task"}
{"timestamp":"2025-09-03T05:23:02.060303Z","level":"info","event":"20% completed","chan":"stdout","logger":"task"}
{"timestamp":"2025-09-03T05:23:02.526616Z","level":"info","event":"20% completed","chan":"stdout","logger":"task"}
{"timestamp":"2025-09-03T05:23:16.211890Z","level":"info","event":"21% completed","chan":"stdout","logger":"task"}
{"timestamp":"2025-09-03T05:23:30.360318Z","level":"info","event":"22% completed","chan":"stdout","logger":"task"}
{"timestamp":"2025-09-03T05:23:30.819419Z","level":"info","event":"22% completed","chan":"stdout","logger":"task"}
{"timestamp":"2025-09-03T05:23:43.496692Z","level":"info","event":"23% completed","chan":"stdout","logger":"task"}
{"timestamp":"2025-09-03T05:23:57.125700Z","level":"info","event":"24% completed","chan":"stdout","logger":"task"}
{"timestamp":"2025-09-03T05:23:57.794256Z","level":"info","event":"24% completed","chan":"stdout","logger":"task"}
{"timestamp":"2025-09-03T05:24:12.847766Z","level":"info","event":"25% completed","chan":"stdout","logger":"task"}
{"timestamp":"2025-09-03T05:24:27.392705Z","level":"info","event":"26% completed","chan":"stdout","logger":"task"}
{"timestamp":"2025-09-03T05:24:27.697152Z","level":"info","event":"26% completed","chan":"stdout","logger":"task"}
{"timestamp":"2025-09-03T05:24:42.114360Z","level":"info","event":"27% completed","chan":"stdout","logger":"task"}
{"timestamp":"2025-09-03T05:24:56.771860Z","level":"info","event":"28% completed","chan":"stdout","logger":"task"}
{"timestamp":"2025-09-03T05:25:11.431180Z","level":"info","event":"29% completed","chan":"stdout","logger":"task"}
{"timestamp":"2025-09-03T05:25:26.713908Z","level":"info","event":"30% completed","chan":"stdout","logger":"task"}
{"timestamp":"2025-09-03T05:25:27.169076Z","level":"info","event":"30% completed","chan":"stdout","logger":"task"}
{"timestamp":"2025-09-03T05:25:41.192278Z","level":"info","event":"31% completed","chan":"stdout","logger":"task"}
{"timestamp":"2025-09-03T05:25:55.182030Z","level":"info","event":"32% completed","chan":"stdout","logger":"task"}
{"timestamp":"2025-09-03T05:25:55.476693Z","level":"info","event":"32% completed","chan":"stdout","logger":"task"}
{"timestamp":"2025-09-03T05:26:09.612279Z","level":"info","event":"33% completed","chan":"stdout","logger":"task"}
{"timestamp":"2025-09-03T05:26:24.277289Z","level":"info","event":"34% completed","chan":"stdout","logger":"task"}
{"timestamp":"2025-09-03T05:26:24.558896Z","level":"info","event":"34% completed","chan":"stdout","logger":"task"}
{"timestamp":"2025-09-03T05:26:38.949701Z","level":"info","event":"35% completed","chan":"stdout","logger":"task"}
{"timestamp":"2025-09-03T05:26:52.588003Z","level":"info","event":"36% completed","chan":"stdout","logger":"task"}
{"timestamp":"2025-09-03T05:26:53.240654Z","level":"info","event":"36% completed","chan":"stdout","logger":"task"}
{"timestamp":"2025-09-03T05:27:07.107261Z","level":"info","event":"37% completed","chan":"stdout","logger":"task"}
{"timestamp":"2025-09-03T05:27:21.117600Z","level":"info","event":"38% completed","chan":"stdout","logger":"task"}
{"timestamp":"2025-09-03T05:27:21.587821Z","level":"info","event":"38% completed","chan":"stdout","logger":"task"}
{"timestamp":"2025-09-03T05:27:36.734676Z","level":"info","event":"39% completed","chan":"stdout","logger":"task"}
{"timestamp":"2025-09-03T05:27:50.253681Z","level":"info","event":"40% completed","chan":"stdout","logger":"task"}
{"timestamp":"2025-09-03T05:27:50.720309Z","level":"info","event":"40% completed","chan":"stdout","logger":"task"}
{"timestamp":"2025-09-03T05:28:04.943407Z","level":"info","event":"41% completed","chan":"stdout","logger":"task"}
{"timestamp":"2025-09-03T05:28:19.170499Z","level":"info","event":"42% completed","chan":"stdout","logger":"task"}
{"timestamp":"2025-09-03T05:28:19.634698Z","level":"info","event":"42% completed","chan":"stdout","logger":"task"}
{"timestamp":"2025-09-03T05:28:34.170318Z","level":"info","event":"43% completed","chan":"stdout","logger":"task"}
{"timestamp":"2025-09-03T05:28:48.400136Z","level":"info","event":"44% completed","chan":"stdout","logger":"task"}
{"timestamp":"2025-09-03T05:28:48.863567Z","level":"info","event":"44% completed","chan":"stdout","logger":"task"}
{"timestamp":"2025-09-03T05:29:02.832549Z","level":"info","event":"45% completed","chan":"stdout","logger":"task"}
{"timestamp":"2025-09-03T05:29:16.863658Z","level":"info","event":"46% completed","chan":"stdout","logger":"task"}
{"timestamp":"2025-09-03T05:29:17.323496Z","level":"info","event":"46% completed","chan":"stdout","logger":"task"}
{"timestamp":"2025-09-03T05:29:30.671467Z","level":"info","event":"47% completed","chan":"stdout","logger":"task"}
{"timestamp":"2025-09-03T05:29:44.860488Z","level":"info","event":"48% completed","chan":"stdout","logger":"task"}
{"timestamp":"2025-09-03T05:29:45.429940Z","level":"info","event":"48% completed","chan":"stdout","logger":"task"}
{"timestamp":"2025-09-03T05:29:59.242735Z","level":"info","event":"49% completed","chan":"stdout","logger":"task"}
{"timestamp":"2025-09-03T05:30:12.598647Z","level":"info","event":"50% completed","chan":"stdout","logger":"task"}
{"timestamp":"2025-09-03T05:30:13.040035Z","level":"info","event":"50% completed","chan":"stdout","logger":"task"}
{"timestamp":"2025-09-03T05:30:26.609349Z","level":"info","event":"51% completed","chan":"stdout","logger":"task"}
{"timestamp":"2025-09-03T05:30:40.396488Z","level":"info","event":"52% completed","chan":"stdout","logger":"task"}
{"timestamp":"2025-09-03T05:30:40.848352Z","level":"info","event":"52% completed","chan":"stdout","logger":"task"}
{"timestamp":"2025-09-03T05:30:55.014023Z","level":"info","event":"53% completed","chan":"stdout","logger":"task"}
{"timestamp":"2025-09-03T05:31:08.616932Z","level":"info","event":"54% completed","chan":"stdout","logger":"task"}
{"timestamp":"2025-09-03T05:31:09.025680Z","level":"info","event":"54% completed","chan":"stdout","logger":"task"}
{"timestamp":"2025-09-03T05:31:23.678359Z","level":"info","event":"55% completed","chan":"stdout","logger":"task"}
{"timestamp":"2025-09-03T05:31:37.659161Z","level":"info","event":"56% completed","chan":"stdout","logger":"task"}
{"timestamp":"2025-09-03T05:31:52.804165Z","level":"info","event":"57% completed","chan":"stdout","logger":"task"}
{"timestamp":"2025-09-03T05:32:06.668554Z","level":"info","event":"58% completed","chan":"stdout","logger":"task"}
{"timestamp":"2025-09-03T05:32:20.072642Z","level":"info","event":"59% completed","chan":"stdout","logger":"task"}
{"timestamp":"2025-09-03T05:32:33.584667Z","level":"info","event":"60% completed","chan":"stdout","logger":"task"}
{"timestamp":"2025-09-03T05:32:34.046870Z","level":"info","event":"60% completed","chan":"stdout","logger":"task"}
{"timestamp":"2025-09-03T05:32:46.519130Z","level":"info","event":"61% completed","chan":"stdout","logger":"task"}
{"timestamp":"2025-09-03T05:32:59.048010Z","level":"info","event":"62% completed","chan":"stdout","logger":"task"}
{"timestamp":"2025-09-03T05:32:59.507992Z","level":"info","event":"62% completed","chan":"stdout","logger":"task"}
{"timestamp":"2025-09-03T05:33:12.885967Z","level":"info","event":"63% completed","chan":"stdout","logger":"task"}
{"timestamp":"2025-09-03T05:33:27.843819Z","level":"info","event":"64% completed","chan":"stdout","logger":"task"}
{"timestamp":"2025-09-03T05:33:28.141239Z","level":"info","event":"64% completed","chan":"stdout","logger":"task"}
{"timestamp":"2025-09-03T05:33:41.400065Z","level":"info","event":"65% completed","chan":"stdout","logger":"task"}
{"timestamp":"2025-09-03T05:33:54.503957Z","level":"info","event":"66% completed","chan":"stdout","logger":"task"}
{"timestamp":"2025-09-03T05:33:55.149273Z","level":"info","event":"66% completed","chan":"stdout","logger":"task"}
{"timestamp":"2025-09-03T05:34:09.225165Z","level":"info","event":"67% completed","chan":"stdout","logger":"task"}
{"timestamp":"2025-09-03T05:34:22.357914Z","level":"info","event":"68% completed","chan":"stdout","logger":"task"}
{"timestamp":"2025-09-03T05:34:22.797935Z","level":"info","event":"68% completed","chan":"stdout","logger":"task"}
{"timestamp":"2025-09-03T05:34:36.263189Z","level":"info","event":"69% completed","chan":"stdout","logger":"task"}
{"timestamp":"2025-09-03T05:34:50.342647Z","level":"info","event":"70% completed","chan":"stdout","logger":"task"}
{"timestamp":"2025-09-03T05:34:50.816274Z","level":"info","event":"70% completed","chan":"stdout","logger":"task"}
{"timestamp":"2025-09-03T05:35:04.849113Z","level":"info","event":"71% completed","chan":"stdout","logger":"task"}
{"timestamp":"2025-09-03T05:35:18.415188Z","level":"info","event":"72% completed","chan":"stdout","logger":"task"}
{"timestamp":"2025-09-03T05:35:18.852880Z","level":"info","event":"72% completed","chan":"stdout","logger":"task"}
{"timestamp":"2025-09-03T05:35:33.027841Z","level":"info","event":"73% completed","chan":"stdout","logger":"task"}
{"timestamp":"2025-09-03T05:35:46.800489Z","level":"info","event":"74% completed","chan":"stdout","logger":"task"}
{"timestamp":"2025-09-03T05:35:47.094697Z","level":"info","event":"74% completed","chan":"stdout","logger":"task"}
{"timestamp":"2025-09-03T05:36:01.023920Z","level":"info","event":"75% completed","chan":"stdout","logger":"task"}
{"timestamp":"2025-09-03T05:36:14.768998Z","level":"info","event":"76% completed","chan":"stdout","logger":"task"}
{"timestamp":"2025-09-03T05:36:15.234182Z","level":"info","event":"76% completed","chan":"stdout","logger":"task"}
{"timestamp":"2025-09-03T05:36:29.222356Z","level":"info","event":"77% completed","chan":"stdout","logger":"task"}
{"timestamp":"2025-09-03T05:36:43.574381Z","level":"info","event":"78% completed","chan":"stdout","logger":"task"}
{"timestamp":"2025-09-03T05:36:44.045166Z","level":"info","event":"78% completed","chan":"stdout","logger":"task"}
{"timestamp":"2025-09-03T05:36:58.314970Z","level":"info","event":"79% completed","chan":"stdout","logger":"task"}
{"timestamp":"2025-09-03T05:37:12.445439Z","level":"info","event":"80% completed","chan":"stdout","logger":"task"}
{"timestamp":"2025-09-03T05:37:12.883096Z","level":"info","event":"80% completed","chan":"stdout","logger":"task"}
{"timestamp":"2025-09-03T05:37:26.891133Z","level":"info","event":"81% completed","chan":"stdout","logger":"task"}
{"timestamp":"2025-09-03T05:37:41.436265Z","level":"info","event":"82% completed","chan":"stdout","logger":"task"}
{"timestamp":"2025-09-03T05:37:41.779615Z","level":"info","event":"82% completed","chan":"stdout","logger":"task"}
{"timestamp":"2025-09-03T05:37:55.221020Z","level":"info","event":"83% completed","chan":"stdout","logger":"task"}
{"timestamp":"2025-09-03T05:38:08.183270Z","level":"info","event":"84% completed","chan":"stdout","logger":"task"}
{"timestamp":"2025-09-03T05:38:08.478222Z","level":"info","event":"84% completed","chan":"stdout","logger":"task"}
{"timestamp":"2025-09-03T05:38:22.032070Z","level":"info","event":"85% completed","chan":"stdout","logger":"task"}
{"timestamp":"2025-09-03T05:38:35.133479Z","level":"info","event":"86% completed","chan":"stdout","logger":"task"}
{"timestamp":"2025-09-03T05:38:35.615189Z","level":"info","event":"86% completed","chan":"stdout","logger":"task"}
{"timestamp":"2025-09-03T05:38:49.321512Z","level":"info","event":"87% completed","chan":"stdout","logger":"task"}
{"timestamp":"2025-09-03T05:39:01.817911Z","level":"info","event":"88% completed","chan":"stdout","logger":"task"}
{"timestamp":"2025-09-03T05:39:02.262593Z","level":"info","event":"88% completed","chan":"stdout","logger":"task"}
{"timestamp":"2025-09-03T05:39:15.329404Z","level":"info","event":"89% completed","chan":"stdout","logger":"task"}
{"timestamp":"2025-09-03T05:39:28.734684Z","level":"info","event":"90% completed","chan":"stdout","logger":"task"}
{"timestamp":"2025-09-03T05:39:29.187758Z","level":"info","event":"90% completed","chan":"stdout","logger":"task"}
{"timestamp":"2025-09-03T05:39:42.533026Z","level":"info","event":"91% completed","chan":"stdout","logger":"task"}
{"timestamp":"2025-09-03T05:39:55.738311Z","level":"info","event":"92% completed","chan":"stdout","logger":"task"}
{"timestamp":"2025-09-03T05:39:56.326613Z","level":"info","event":"92% completed","chan":"stdout","logger":"task"}
{"timestamp":"2025-09-03T05:40:09.179058Z","level":"info","event":"93% completed","chan":"stdout","logger":"task"}
{"timestamp":"2025-09-03T05:40:23.023599Z","level":"info","event":"94% completed","chan":"stdout","logger":"task"}
{"timestamp":"2025-09-03T05:40:23.426841Z","level":"info","event":"94% completed","chan":"stdout","logger":"task"}
{"timestamp":"2025-09-03T05:40:36.528975Z","level":"info","event":"95% completed","chan":"stdout","logger":"task"}
{"timestamp":"2025-09-03T05:40:50.807809Z","level":"info","event":"96% completed","chan":"stdout","logger":"task"}
{"timestamp":"2025-09-03T05:40:51.281518Z","level":"info","event":"96% completed","chan":"stdout","logger":"task"}
{"timestamp":"2025-09-03T05:41:04.324936Z","level":"info","event":"97% completed","chan":"stdout","logger":"task"}
{"timestamp":"2025-09-03T05:41:17.393159Z","level":"info","event":"98% completed","chan":"stdout","logger":"task"}
{"timestamp":"2025-09-03T05:41:17.854121Z","level":"info","event":"98% completed","chan":"stdout","logger":"task"}
{"timestamp":"2025-09-03T05:41:31.380531Z","level":"info","event":"99% completed","chan":"stdout","logger":"task"}
{"timestamp":"2025-09-03T05:41:46.002224Z","level":"info","event":"100% completed","chan":"stdout","logger":"task"}
{"timestamp":"2025-09-03T05:41:46.391444Z","level":"info","event":"3550 articles sets created successfully","chan":"stdout","logger":"task"}
{"timestamp":"2025-09-03T05:41:46.393503","level":"info","event":"Done. Returned value was: None","logger":"airflow.task.operators.airflow.providers.standard.decorators.python._PythonDecoratedOperator"}
